INFO 2025-07-13 19:07:29,209 autoreload 8765 510386418944 Watching for file changes with StatReloader
INFO 2025-07-13 19:07:29,209 autoreload 8765 510386418944 Watching for file changes with StatReloader
INFO 2025-07-13 19:10:15,725 autoreload 11709 487464281344 Watching for file changes with StatReloader
INFO 2025-07-13 19:10:15,725 autoreload 11709 487464281344 Watching for file changes with StatReloader
INFO 2025-07-13 19:11:50,896 autoreload 12597 540395754752 Watching for file changes with StatReloader
INFO 2025-07-13 19:11:50,896 autoreload 12597 540395754752 Watching for file changes with StatReloader
WARNING 2025-07-13 19:12:18,651 log 12597 537970850928 Not Found: /download/download/
WARNING 2025-07-13 19:12:18,651 log 12597 537970850928 Not Found: /download/download/
WARNING 2025-07-13 19:12:18,660 basehttp 12597 537970850928 "GET /download/download/ HTTP/1.1" 404 3502
WARNING 2025-07-13 19:12:18,660 basehttp 12597 537970850928 "GET /download/download/ HTTP/1.1" 404 3502
WARNING 2025-07-13 19:12:19,412 log 12597 537970850928 Not Found: /favicon.ico
WARNING 2025-07-13 19:12:19,412 log 12597 537970850928 Not Found: /favicon.ico
WARNING 2025-07-13 19:12:19,415 basehttp 12597 537970850928 "GET /favicon.ico HTTP/1.1" 404 3481
WARNING 2025-07-13 19:12:19,415 basehttp 12597 537970850928 "GET /favicon.ico HTTP/1.1" 404 3481
INFO 2025-07-13 19:12:24,306 basehttp 12597 537970850928 "GET / HTTP/1.1" 200 28716
INFO 2025-07-13 19:12:24,306 basehttp 12597 537970850928 "GET / HTTP/1.1" 200 28716
ERROR 2025-07-13 19:12:24,863 views 12597 537970850928 Error getting supported sites: 'YoutubeDL' object has no attribute 'list_extractors'
ERROR 2025-07-13 19:12:24,865 log 12597 537970850928 Internal Server Error: /api/supported-sites/
ERROR 2025-07-13 19:12:24,865 log 12597 537970850928 Internal Server Error: /api/supported-sites/
ERROR 2025-07-13 19:12:24,866 basehttp 12597 537970850928 "GET /api/supported-sites/ HTTP/1.1" 500 66
ERROR 2025-07-13 19:12:24,866 basehttp 12597 537970850928 "GET /api/supported-sites/ HTTP/1.1" 500 66
INFO 2025-07-13 19:12:28,397 views 12597 537970850928 Extracting info for URL: https://www.instagram.com/reel/DMAf7I2tQFR/?igsh=MWgwa3locGZjbW53OQ==
INFO 2025-07-13 19:12:28,399 views 12597 537970850928 Detected platform: instagram
INFO 2025-07-13 19:12:28,401 views 12597 537970850928 Using cookies: False
INFO 2025-07-13 19:12:31,471 basehttp 12597 537970850928 "POST /api/extract-info/ HTTP/1.1" 200 5159
INFO 2025-07-13 19:12:31,471 basehttp 12597 537970850928 "POST /api/extract-info/ HTTP/1.1" 200 5159
INFO 2025-07-13 19:12:47,709 views 12597 537970850928 Downloading video from URL: https://www.instagram.com/reel/DMAf7I2tQFR/?igsh=MWgwa3locGZjbW53OQ==
INFO 2025-07-13 19:12:47,710 views 12597 537970850928 Detected platform: instagram
INFO 2025-07-13 19:12:47,710 views 12597 537970850928 Using cookies: False
INFO 2025-07-13 19:12:47,710 views 12597 537970850928 Quality: bestaudio
INFO 2025-07-13 19:13:00,089 basehttp 12597 537970850928 "POST /api/download/ HTTP/1.1" 200 303
INFO 2025-07-13 19:13:00,089 basehttp 12597 537970850928 "POST /api/download/ HTTP/1.1" 200 303
WARNING 2025-07-13 19:13:00,168 log 12597 537970850928 Not Found: /media/downloads/42c3ff83-7ef9-4d67-9002-f166f9d51b75/Video_by_viratkohli.mp3
WARNING 2025-07-13 19:13:00,168 log 12597 537970850928 Not Found: /media/downloads/42c3ff83-7ef9-4d67-9002-f166f9d51b75/Video_by_viratkohli.mp3
WARNING 2025-07-13 19:13:00,169 basehttp 12597 537970850928 "GET /media/downloads/42c3ff83-7ef9-4d67-9002-f166f9d51b75/Video_by_viratkohli.mp3 HTTP/1.1" 404 3948
WARNING 2025-07-13 19:13:00,169 basehttp 12597 537970850928 "GET /media/downloads/42c3ff83-7ef9-4d67-9002-f166f9d51b75/Video_by_viratkohli.mp3 HTTP/1.1" 404 3948
INFO 2025-07-13 19:13:45,700 views 12597 537970850928 Downloading video from URL: https://www.instagram.com/reel/DMAf7I2tQFR/?igsh=MWgwa3locGZjbW53OQ==
INFO 2025-07-13 19:13:45,703 views 12597 537970850928 Detected platform: instagram
INFO 2025-07-13 19:13:45,703 views 12597 537970850928 Using cookies: False
INFO 2025-07-13 19:13:45,704 views 12597 537970850928 Quality: dash-3083855318444403v
INFO 2025-07-13 19:13:51,754 basehttp 12597 537970850928 "POST /api/download/ HTTP/1.1" 200 303
INFO 2025-07-13 19:13:51,754 basehttp 12597 537970850928 "POST /api/download/ HTTP/1.1" 200 303
WARNING 2025-07-13 19:13:51,798 log 12597 537970850928 Not Found: /media/downloads/4f4c908f-e7c2-4943-bb25-7aa344598da0/Video_by_viratkohli.mp4
WARNING 2025-07-13 19:13:51,798 log 12597 537970850928 Not Found: /media/downloads/4f4c908f-e7c2-4943-bb25-7aa344598da0/Video_by_viratkohli.mp4
WARNING 2025-07-13 19:13:51,799 basehttp 12597 537970850928 "GET /media/downloads/4f4c908f-e7c2-4943-bb25-7aa344598da0/Video_by_viratkohli.mp4 HTTP/1.1" 404 3948
WARNING 2025-07-13 19:13:51,799 basehttp 12597 537970850928 "GET /media/downloads/4f4c908f-e7c2-4943-bb25-7aa344598da0/Video_by_viratkohli.mp4 HTTP/1.1" 404 3948
INFO 2025-07-13 19:14:00,238 views 12597 537970850928 Downloading video from URL: https://www.instagram.com/reel/DMAf7I2tQFR/?igsh=MWgwa3locGZjbW53OQ==
INFO 2025-07-13 19:14:00,238 views 12597 537970850928 Detected platform: instagram
INFO 2025-07-13 19:14:00,238 views 12597 537970850928 Using cookies: False
INFO 2025-07-13 19:14:00,238 views 12597 537970850928 Quality: dash-3083855318444403v
INFO 2025-07-13 19:14:05,084 basehttp 12597 537970850928 "POST /api/download/ HTTP/1.1" 200 303
INFO 2025-07-13 19:14:05,084 basehttp 12597 537970850928 "POST /api/download/ HTTP/1.1" 200 303
WARNING 2025-07-13 19:14:05,128 log 12597 537970850928 Not Found: /media/downloads/5f2d6ad2-2202-4301-a24b-07b7a493c00f/Video_by_viratkohli.mp4
WARNING 2025-07-13 19:14:05,128 log 12597 537970850928 Not Found: /media/downloads/5f2d6ad2-2202-4301-a24b-07b7a493c00f/Video_by_viratkohli.mp4
WARNING 2025-07-13 19:14:05,131 basehttp 12597 537970850928 "GET /media/downloads/5f2d6ad2-2202-4301-a24b-07b7a493c00f/Video_by_viratkohli.mp4 HTTP/1.1" 404 3948
WARNING 2025-07-13 19:14:05,131 basehttp 12597 537970850928 "GET /media/downloads/5f2d6ad2-2202-4301-a24b-07b7a493c00f/Video_by_viratkohli.mp4 HTTP/1.1" 404 3948
INFO 2025-07-14 12:33:45,121 autoreload 26082 502831719680 Watching for file changes with StatReloader
INFO 2025-07-14 12:33:45,121 autoreload 26082 502831719680 Watching for file changes with StatReloader
INFO 2025-07-14 12:40:05,744 autoreload 4695 519067833600 Watching for file changes with StatReloader
INFO 2025-07-14 12:40:05,744 autoreload 4695 519067833600 Watching for file changes with StatReloader
WARNING 2025-07-14 12:40:32,250 log 4695 516642815088 Not Found: /download/download/
WARNING 2025-07-14 12:40:32,250 log 4695 516642815088 Not Found: /download/download/
WARNING 2025-07-14 12:40:32,264 basehttp 4695 516642815088 "GET /download/download/ HTTP/1.1" 404 3502
WARNING 2025-07-14 12:40:32,264 basehttp 4695 516642815088 "GET /download/download/ HTTP/1.1" 404 3502
WARNING 2025-07-14 12:40:33,650 log 4695 516642815088 Not Found: /favicon.ico
WARNING 2025-07-14 12:40:33,650 log 4695 516642815088 Not Found: /favicon.ico
WARNING 2025-07-14 12:40:33,667 basehttp 4695 516642815088 "GET /favicon.ico HTTP/1.1" 404 3481
WARNING 2025-07-14 12:40:33,667 basehttp 4695 516642815088 "GET /favicon.ico HTTP/1.1" 404 3481
INFO 2025-07-14 12:40:37,345 basehttp 4695 516642815088 "GET / HTTP/1.1" 200 28716
INFO 2025-07-14 12:40:37,345 basehttp 4695 516642815088 "GET / HTTP/1.1" 200 28716
ERROR 2025-07-14 12:40:38,418 views 4695 516642815088 Error getting supported sites: 'YoutubeDL' object has no attribute 'list_extractors'
ERROR 2025-07-14 12:40:38,422 log 4695 516642815088 Internal Server Error: /api/supported-sites/
ERROR 2025-07-14 12:40:38,422 log 4695 516642815088 Internal Server Error: /api/supported-sites/
ERROR 2025-07-14 12:40:38,426 basehttp 4695 516642815088 "GET /api/supported-sites/ HTTP/1.1" 500 66
ERROR 2025-07-14 12:40:38,426 basehttp 4695 516642815088 "GET /api/supported-sites/ HTTP/1.1" 500 66
INFO 2025-07-14 12:40:49,144 views 4695 516642815088 Extracting info for URL: https://www.instagram.com/reel/DMAf7I2tQFR/?igsh=MWgwa3locGZjbW53OQ==
INFO 2025-07-14 12:40:49,145 views 4695 516642815088 Detected platform: instagram
INFO 2025-07-14 12:40:49,146 views 4695 516642815088 Using cookies: False
INFO 2025-07-14 12:40:52,938 basehttp 4695 516642815088 "POST /api/extract-info/ HTTP/1.1" 200 5159
INFO 2025-07-14 12:40:52,938 basehttp 4695 516642815088 "POST /api/extract-info/ HTTP/1.1" 200 5159
INFO 2025-07-14 12:41:00,564 views 4695 516642815088 Downloading video from URL: https://www.instagram.com/reel/DMAf7I2tQFR/?igsh=MWgwa3locGZjbW53OQ==
INFO 2025-07-14 12:41:00,565 views 4695 516642815088 Detected platform: instagram
INFO 2025-07-14 12:41:00,566 views 4695 516642815088 Using cookies: False
INFO 2025-07-14 12:41:00,567 views 4695 516642815088 Quality: dash-3083855318444403v
INFO 2025-07-14 12:41:11,125 basehttp 4695 516642815088 "POST /api/download/ HTTP/1.1" 200 389
INFO 2025-07-14 12:41:11,125 basehttp 4695 516642815088 "POST /api/download/ HTTP/1.1" 200 389
WARNING 2025-07-14 12:41:11,200 log 4695 516642815088 Not Found: /media/downloads/b7770abb-9449-4320-93c3-f9e5a000bbbe/Video_by_viratkohli.mp4
WARNING 2025-07-14 12:41:11,200 log 4695 516642815088 Not Found: /media/downloads/b7770abb-9449-4320-93c3-f9e5a000bbbe/Video_by_viratkohli.mp4
WARNING 2025-07-14 12:41:11,202 basehttp 4695 516642815088 "GET /media/downloads/b7770abb-9449-4320-93c3-f9e5a000bbbe/Video_by_viratkohli.mp4 HTTP/1.1" 404 3948
WARNING 2025-07-14 12:41:11,202 basehttp 4695 516642815088 "GET /media/downloads/b7770abb-9449-4320-93c3-f9e5a000bbbe/Video_by_viratkohli.mp4 HTTP/1.1" 404 3948
INFO 2025-07-14 12:46:49,772 autoreload 4695 519067833600 /storage/emulated/0/21k.dir/tesla/tesla/views.py changed, reloading.
INFO 2025-07-14 12:46:49,772 autoreload 4695 519067833600 /storage/emulated/0/21k.dir/tesla/tesla/views.py changed, reloading.
INFO 2025-07-14 12:46:53,578 autoreload 15072 487994569984 Watching for file changes with StatReloader
INFO 2025-07-14 12:46:53,578 autoreload 15072 487994569984 Watching for file changes with StatReloader
INFO 2025-07-14 12:54:08,443 autoreload 15072 487994569984 /storage/emulated/0/21k.dir/tesla/tesla/urls.py changed, reloading.
INFO 2025-07-14 12:54:08,443 autoreload 15072 487994569984 /storage/emulated/0/21k.dir/tesla/tesla/urls.py changed, reloading.
INFO 2025-07-14 12:54:11,906 autoreload 5883 537630356736 Watching for file changes with StatReloader
INFO 2025-07-14 12:54:11,906 autoreload 5883 537630356736 Watching for file changes with StatReloader
INFO 2025-07-14 12:54:37,842 autoreload 5883 537630356736 /storage/emulated/0/21k.dir/tesla/tesla/urls.py changed, reloading.
INFO 2025-07-14 12:54:37,842 autoreload 5883 537630356736 /storage/emulated/0/21k.dir/tesla/tesla/urls.py changed, reloading.
INFO 2025-07-14 12:54:40,990 autoreload 6859 512707597568 Watching for file changes with StatReloader
INFO 2025-07-14 12:54:40,990 autoreload 6859 512707597568 Watching for file changes with StatReloader
INFO 2025-07-14 12:54:52,267 autoreload 6859 512707597568 /storage/emulated/0/21k.dir/tesla/tesla/urls.py changed, reloading.
INFO 2025-07-14 12:54:52,267 autoreload 6859 512707597568 /storage/emulated/0/21k.dir/tesla/tesla/urls.py changed, reloading.
INFO 2025-07-14 12:54:55,323 autoreload 7210 535064151296 Watching for file changes with StatReloader
INFO 2025-07-14 12:54:55,323 autoreload 7210 535064151296 Watching for file changes with StatReloader
INFO 2025-07-14 12:59:05,561 autoreload 7210 535064151296 /storage/emulated/0/21k.dir/tesla/tesla/views.py changed, reloading.
INFO 2025-07-14 12:59:05,561 autoreload 7210 535064151296 /storage/emulated/0/21k.dir/tesla/tesla/views.py changed, reloading.
INFO 2025-07-14 12:59:09,684 autoreload 13273 512913286400 Watching for file changes with StatReloader
INFO 2025-07-14 12:59:09,684 autoreload 13273 512913286400 Watching for file changes with StatReloader
INFO 2025-07-14 13:01:50,758 autoreload 13273 512913286400 /storage/emulated/0/21k.dir/tesla/tesla/urls.py changed, reloading.
INFO 2025-07-14 13:01:50,758 autoreload 13273 512913286400 /storage/emulated/0/21k.dir/tesla/tesla/urls.py changed, reloading.
INFO 2025-07-14 13:01:55,551 autoreload 17054 504790488320 Watching for file changes with StatReloader
INFO 2025-07-14 13:01:55,551 autoreload 17054 504790488320 Watching for file changes with StatReloader
WARNING 2025-07-14 13:02:05,788 log 17054 502397910128 Not Found: /favicon.ico
WARNING 2025-07-14 13:02:05,788 log 17054 502397910128 Not Found: /favicon.ico
WARNING 2025-07-14 13:02:05,797 basehttp 17054 502397910128 "GET /favicon.ico HTTP/1.1" 404 3171
WARNING 2025-07-14 13:02:05,797 basehttp 17054 502397910128 "GET /favicon.ico HTTP/1.1" 404 3171
INFO 2025-07-14 13:02:09,930 basehttp 17054 502397910128 "GET / HTTP/1.1" 200 7427
INFO 2025-07-14 13:02:09,930 basehttp 17054 502397910128 "GET / HTTP/1.1" 200 7427
INFO 2025-07-14 13:02:15,960 views 17054 502397910128 Downloading video from URL: https://x.com/Nani_Regent/status/1894766738862145725?s=19
INFO 2025-07-14 13:02:15,961 views 17054 502397910128 Detected platform: twitter
INFO 2025-07-14 13:02:15,962 views 17054 502397910128 Using cookies: False
INFO 2025-07-14 13:02:15,962 views 17054 502397910128 Quality: 720p
INFO 2025-07-14 13:02:20,173 basehttp 17054 502397910128 "POST /api/download/ HTTP/1.1" 200 88
INFO 2025-07-14 13:02:20,173 basehttp 17054 502397910128 "POST /api/download/ HTTP/1.1" 200 88
INFO 2025-07-14 13:02:32,132 views 17054 502397910128 Downloading video from URL: https://www.instagram.com/reel/DGku_xrTO9Q/?igsh=OHhkaDB0aWFsc25u
INFO 2025-07-14 13:02:32,133 views 17054 502397910128 Detected platform: instagram
INFO 2025-07-14 13:02:32,134 views 17054 502397910128 Using cookies: False
INFO 2025-07-14 13:02:32,134 views 17054 502397910128 Quality: 720p
INFO 2025-07-14 13:02:54,550 basehttp 17054 502397910128 "POST /api/download/ HTTP/1.1" 200 533
INFO 2025-07-14 13:02:54,550 basehttp 17054 502397910128 "POST /api/download/ HTTP/1.1" 200 533
INFO 2025-07-14 13:03:02,087 basehttp 17054 502397910128 "GET /download/29e420f0-3fdf-4bf1-91c1-02f006f78a88/Video%20by%20the_yashwanth._%20-%2021k.tools.mp4 HTTP/1.1" 301 0
INFO 2025-07-14 13:03:02,087 basehttp 17054 502397910128 "GET /download/29e420f0-3fdf-4bf1-91c1-02f006f78a88/Video%20by%20the_yashwanth._%20-%2021k.tools.mp4 HTTP/1.1" 301 0
INFO 2025-07-14 13:03:02,164 basehttp 17054 502397910128 "GET /download/29e420f0-3fdf-4bf1-91c1-02f006f78a88/Video%20by%20the_yashwanth._%20-%2021k.tools.mp4/ HTTP/1.1" 200 4219711
INFO 2025-07-14 13:03:02,164 basehttp 17054 502397910128 "GET /download/29e420f0-3fdf-4bf1-91c1-02f006f78a88/Video%20by%20the_yashwanth._%20-%2021k.tools.mp4/ HTTP/1.1" 200 4219711
INFO 2025-07-14 13:03:32,246 views 17054 502397910128 Downloading video from URL: https://www.instagram.com/reel/DGku_xrTO9Q/?igsh=OHhkaDB0aWFsc25u
INFO 2025-07-14 13:03:32,251 views 17054 502397910128 Detected platform: instagram
INFO 2025-07-14 13:03:32,252 views 17054 502397910128 Using cookies: False
INFO 2025-07-14 13:03:32,253 views 17054 502397910128 Quality: worst
INFO 2025-07-14 13:04:04,051 basehttp 17054 502397910128 "POST /api/download/ HTTP/1.1" 200 533
INFO 2025-07-14 13:04:04,051 basehttp 17054 502397910128 "POST /api/download/ HTTP/1.1" 200 533
INFO 2025-07-14 13:04:22,332 basehttp 17054 502397910128 "GET /download/122d48e0-260c-49f9-be1d-e7a6b82720cd/Video%20by%20the_yashwanth._%20-%2021k.tools.mp4 HTTP/1.1" 301 0
INFO 2025-07-14 13:04:22,332 basehttp 17054 502397910128 "GET /download/122d48e0-260c-49f9-be1d-e7a6b82720cd/Video%20by%20the_yashwanth._%20-%2021k.tools.mp4 HTTP/1.1" 301 0
INFO 2025-07-14 13:04:22,475 basehttp 17054 502397910128 "GET /download/122d48e0-260c-49f9-be1d-e7a6b82720cd/Video%20by%20the_yashwanth._%20-%2021k.tools.mp4/ HTTP/1.1" 200 4219711
INFO 2025-07-14 13:04:22,475 basehttp 17054 502397910128 "GET /download/122d48e0-260c-49f9-be1d-e7a6b82720cd/Video%20by%20the_yashwanth._%20-%2021k.tools.mp4/ HTTP/1.1" 200 4219711
INFO 2025-07-14 13:04:57,682 basehttp 17054 502397910128 "GET /download/122d48e0-260c-49f9-be1d-e7a6b82720cd/Video%20by%20the_yashwanth._%20-%2021k.tools.mp4 HTTP/1.1" 301 0
INFO 2025-07-14 13:04:57,682 basehttp 17054 502397910128 "GET /download/122d48e0-260c-49f9-be1d-e7a6b82720cd/Video%20by%20the_yashwanth._%20-%2021k.tools.mp4 HTTP/1.1" 301 0
INFO 2025-07-14 13:04:57,792 basehttp 17054 502397910128 "GET /download/122d48e0-260c-49f9-be1d-e7a6b82720cd/Video%20by%20the_yashwanth._%20-%2021k.tools.mp4/ HTTP/1.1" 200 4219711
INFO 2025-07-14 13:04:57,792 basehttp 17054 502397910128 "GET /download/122d48e0-260c-49f9-be1d-e7a6b82720cd/Video%20by%20the_yashwanth._%20-%2021k.tools.mp4/ HTTP/1.1" 200 4219711
INFO 2025-07-14 13:05:34,905 autoreload 17054 504790488320 /storage/emulated/0/21k.dir/tesla/tesla/views.py changed, reloading.
INFO 2025-07-14 13:05:34,905 autoreload 17054 504790488320 /storage/emulated/0/21k.dir/tesla/tesla/views.py changed, reloading.
INFO 2025-07-14 13:05:39,301 autoreload 21341 481367360768 Watching for file changes with StatReloader
INFO 2025-07-14 13:05:39,301 autoreload 21341 481367360768 Watching for file changes with StatReloader
INFO 2025-07-14 13:09:35,410 autoreload 21341 481367360768 /storage/emulated/0/21k.dir/tesla/tesla/urls.py changed, reloading.
INFO 2025-07-14 13:09:35,410 autoreload 21341 481367360768 /storage/emulated/0/21k.dir/tesla/tesla/urls.py changed, reloading.
INFO 2025-07-14 13:09:39,549 autoreload 26692 545896047872 Watching for file changes with StatReloader
INFO 2025-07-14 13:09:39,549 autoreload 26692 545896047872 Watching for file changes with StatReloader
WARNING 2025-07-14 13:09:49,669 log 26692 543539838064 Not Found: /favicon.ico
WARNING 2025-07-14 13:09:49,669 log 26692 543539838064 Not Found: /favicon.ico
WARNING 2025-07-14 13:09:49,689 basehttp 26692 543539838064 "GET /favicon.ico HTTP/1.1" 404 3171
WARNING 2025-07-14 13:09:49,689 basehttp 26692 543539838064 "GET /favicon.ico HTTP/1.1" 404 3171
INFO 2025-07-14 13:09:52,074 views 26692 543539838064 Downloading video from URL: https://www.instagram.com/reel/DGku_xrTO9Q/?igsh=OHhkaDB0aWFsc25u
INFO 2025-07-14 13:09:52,075 views 26692 543539838064 Detected platform: instagram
INFO 2025-07-14 13:09:52,076 views 26692 543539838064 Using cookies: False
INFO 2025-07-14 13:09:52,076 views 26692 543539838064 Quality: worst
INFO 2025-07-14 13:10:14,118 basehttp 26692 543539838064 "POST /api/download/ HTTP/1.1" 200 533
INFO 2025-07-14 13:10:14,118 basehttp 26692 543539838064 "POST /api/download/ HTTP/1.1" 200 533
INFO 2025-07-14 13:10:27,587 basehttp 26692 543539838064 "GET /download/22d47b59-7898-496f-9b04-a4ae0616ba6d/Video%20by%20the_yashwanth._%20-%2021k.tools.mp4 HTTP/1.1" 301 0
INFO 2025-07-14 13:10:27,587 basehttp 26692 543539838064 "GET /download/22d47b59-7898-496f-9b04-a4ae0616ba6d/Video%20by%20the_yashwanth._%20-%2021k.tools.mp4 HTTP/1.1" 301 0
INFO 2025-07-14 13:10:27,644 basehttp 26692 543539838064 "GET /download/22d47b59-7898-496f-9b04-a4ae0616ba6d/Video%20by%20the_yashwanth._%20-%2021k.tools.mp4/ HTTP/1.1" 200 4219711
INFO 2025-07-14 13:10:27,644 basehttp 26692 543539838064 "GET /download/22d47b59-7898-496f-9b04-a4ae0616ba6d/Video%20by%20the_yashwanth._%20-%2021k.tools.mp4/ HTTP/1.1" 200 4219711
INFO 2025-07-14 13:25:41,354 autoreload 26692 545896047872 /storage/emulated/0/21k.dir/tesla/tesla/views.py changed, reloading.
INFO 2025-07-14 13:25:41,354 autoreload 26692 545896047872 /storage/emulated/0/21k.dir/tesla/tesla/views.py changed, reloading.
INFO 2025-07-14 13:25:45,252 autoreload 9572 497402324224 Watching for file changes with StatReloader
INFO 2025-07-14 13:25:45,252 autoreload 9572 497402324224 Watching for file changes with StatReloader
INFO 2025-07-14 13:28:09,548 autoreload 9572 497402324224 /storage/emulated/0/21k.dir/tesla/tesla/urls.py changed, reloading.
INFO 2025-07-14 13:28:09,548 autoreload 9572 497402324224 /storage/emulated/0/21k.dir/tesla/tesla/urls.py changed, reloading.
INFO 2025-07-14 13:28:13,490 autoreload 13141 538665850112 Watching for file changes with StatReloader
INFO 2025-07-14 13:28:13,490 autoreload 13141 538665850112 Watching for file changes with StatReloader
WARNING 2025-07-14 13:28:24,664 log 13141 536270060656 Not Found: /favicon.ico
WARNING 2025-07-14 13:28:24,664 log 13141 536270060656 Not Found: /favicon.ico
WARNING 2025-07-14 13:28:24,669 basehttp 13141 536270060656 "GET /favicon.ico HTTP/1.1" 404 3502
WARNING 2025-07-14 13:28:24,669 basehttp 13141 536270060656 "GET /favicon.ico HTTP/1.1" 404 3502
INFO 2025-07-14 13:28:28,544 basehttp 13141 536270060656 "GET / HTTP/1.1" 200 24641
INFO 2025-07-14 13:28:28,544 basehttp 13141 536270060656 "GET / HTTP/1.1" 200 24641
WARNING 2025-07-14 13:28:28,631 log 13141 536270060656 Not Found: /get_supported_sites/
WARNING 2025-07-14 13:28:28,631 log 13141 536270060656 Not Found: /get_supported_sites/
WARNING 2025-07-14 13:28:28,634 basehttp 13141 536270060656 "GET /get_supported_sites/ HTTP/1.1" 404 3529
WARNING 2025-07-14 13:28:28,634 basehttp 13141 536270060656 "GET /get_supported_sites/ HTTP/1.1" 404 3529
WARNING 2025-07-14 13:29:41,685 log 13141 536270060656 Not Found: /extract_info/
WARNING 2025-07-14 13:29:41,685 log 13141 536270060656 Not Found: /extract_info/
WARNING 2025-07-14 13:29:41,698 basehttp 13141 536270060656 "POST /extract_info/ HTTP/1.1" 404 3509
WARNING 2025-07-14 13:29:41,698 basehttp 13141 536270060656 "POST /extract_info/ HTTP/1.1" 404 3509
WARNING 2025-07-14 13:29:43,725 log 13141 536270060656 Not Found: /extract_info/
WARNING 2025-07-14 13:29:43,725 log 13141 536270060656 Not Found: /extract_info/
WARNING 2025-07-14 13:29:43,727 basehttp 13141 536270060656 "POST /extract_info/ HTTP/1.1" 404 3509
WARNING 2025-07-14 13:29:43,727 basehttp 13141 536270060656 "POST /extract_info/ HTTP/1.1" 404 3509
WARNING 2025-07-14 13:29:44,761 log 13141 536270060656 Not Found: /extract_info/
WARNING 2025-07-14 13:29:44,761 log 13141 536270060656 Not Found: /extract_info/
WARNING 2025-07-14 13:29:44,771 basehttp 13141 536270060656 "POST /extract_info/ HTTP/1.1" 404 3509
WARNING 2025-07-14 13:29:44,771 basehttp 13141 536270060656 "POST /extract_info/ HTTP/1.1" 404 3509
WARNING 2025-07-14 13:29:45,522 log 13141 536270060656 Not Found: /extract_info/
WARNING 2025-07-14 13:29:45,522 log 13141 536270060656 Not Found: /extract_info/
WARNING 2025-07-14 13:29:45,527 basehttp 13141 536270060656 "POST /extract_info/ HTTP/1.1" 404 3509
WARNING 2025-07-14 13:29:45,527 basehttp 13141 536270060656 "POST /extract_info/ HTTP/1.1" 404 3509
WARNING 2025-07-14 13:29:46,416 log 13141 536270060656 Not Found: /extract_info/
WARNING 2025-07-14 13:29:46,416 log 13141 536270060656 Not Found: /extract_info/
WARNING 2025-07-14 13:29:46,441 basehttp 13141 536270060656 "POST /extract_info/ HTTP/1.1" 404 3509
WARNING 2025-07-14 13:29:46,441 basehttp 13141 536270060656 "POST /extract_info/ HTTP/1.1" 404 3509
WARNING 2025-07-14 13:29:47,127 log 13141 536270060656 Not Found: /extract_info/
WARNING 2025-07-14 13:29:47,127 log 13141 536270060656 Not Found: /extract_info/
WARNING 2025-07-14 13:29:47,131 basehttp 13141 536270060656 "POST /extract_info/ HTTP/1.1" 404 3509
WARNING 2025-07-14 13:29:47,131 basehttp 13141 536270060656 "POST /extract_info/ HTTP/1.1" 404 3509
WARNING 2025-07-14 13:29:47,937 log 13141 536270060656 Not Found: /extract_info/
WARNING 2025-07-14 13:29:47,937 log 13141 536270060656 Not Found: /extract_info/
WARNING 2025-07-14 13:29:47,941 basehttp 13141 536270060656 "POST /extract_info/ HTTP/1.1" 404 3509
WARNING 2025-07-14 13:29:47,941 basehttp 13141 536270060656 "POST /extract_info/ HTTP/1.1" 404 3509
WARNING 2025-07-14 13:29:48,178 log 13141 536270060656 Not Found: /extract_info/
WARNING 2025-07-14 13:29:48,178 log 13141 536270060656 Not Found: /extract_info/
WARNING 2025-07-14 13:29:48,182 basehttp 13141 536270060656 "POST /extract_info/ HTTP/1.1" 404 3509
WARNING 2025-07-14 13:29:48,182 basehttp 13141 536270060656 "POST /extract_info/ HTTP/1.1" 404 3509
WARNING 2025-07-14 13:29:48,353 log 13141 536270060656 Not Found: /extract_info/
WARNING 2025-07-14 13:29:48,353 log 13141 536270060656 Not Found: /extract_info/
WARNING 2025-07-14 13:29:48,357 basehttp 13141 536270060656 "POST /extract_info/ HTTP/1.1" 404 3509
WARNING 2025-07-14 13:29:48,357 basehttp 13141 536270060656 "POST /extract_info/ HTTP/1.1" 404 3509
WARNING 2025-07-14 13:29:48,552 log 13141 536270060656 Not Found: /extract_info/
WARNING 2025-07-14 13:29:48,552 log 13141 536270060656 Not Found: /extract_info/
WARNING 2025-07-14 13:29:48,555 basehttp 13141 536270060656 "POST /extract_info/ HTTP/1.1" 404 3509
WARNING 2025-07-14 13:29:48,555 basehttp 13141 536270060656 "POST /extract_info/ HTTP/1.1" 404 3509
WARNING 2025-07-14 13:29:48,672 log 13141 536270060656 Not Found: /extract_info/
WARNING 2025-07-14 13:29:48,672 log 13141 536270060656 Not Found: /extract_info/
WARNING 2025-07-14 13:29:48,674 basehttp 13141 536270060656 "POST /extract_info/ HTTP/1.1" 404 3509
WARNING 2025-07-14 13:29:48,674 basehttp 13141 536270060656 "POST /extract_info/ HTTP/1.1" 404 3509
WARNING 2025-07-14 13:29:48,844 log 13141 536270060656 Not Found: /extract_info/
WARNING 2025-07-14 13:29:48,844 log 13141 536270060656 Not Found: /extract_info/
WARNING 2025-07-14 13:29:48,847 basehttp 13141 536270060656 "POST /extract_info/ HTTP/1.1" 404 3509
WARNING 2025-07-14 13:29:48,847 basehttp 13141 536270060656 "POST /extract_info/ HTTP/1.1" 404 3509
WARNING 2025-07-14 13:29:48,935 log 13141 536270060656 Not Found: /extract_info/
WARNING 2025-07-14 13:29:48,935 log 13141 536270060656 Not Found: /extract_info/
WARNING 2025-07-14 13:29:48,938 basehttp 13141 536270060656 "POST /extract_info/ HTTP/1.1" 404 3509
WARNING 2025-07-14 13:29:48,938 basehttp 13141 536270060656 "POST /extract_info/ HTTP/1.1" 404 3509
WARNING 2025-07-14 13:29:49,078 log 13141 536270060656 Not Found: /extract_info/
WARNING 2025-07-14 13:29:49,078 log 13141 536270060656 Not Found: /extract_info/
WARNING 2025-07-14 13:29:49,080 basehttp 13141 536270060656 "POST /extract_info/ HTTP/1.1" 404 3509
WARNING 2025-07-14 13:29:49,080 basehttp 13141 536270060656 "POST /extract_info/ HTTP/1.1" 404 3509
WARNING 2025-07-14 13:29:49,279 log 13141 536270060656 Not Found: /extract_info/
WARNING 2025-07-14 13:29:49,279 log 13141 536270060656 Not Found: /extract_info/
WARNING 2025-07-14 13:29:49,281 basehttp 13141 536270060656 "POST /extract_info/ HTTP/1.1" 404 3509
WARNING 2025-07-14 13:29:49,281 basehttp 13141 536270060656 "POST /extract_info/ HTTP/1.1" 404 3509
WARNING 2025-07-14 13:29:49,445 log 13141 536270060656 Not Found: /extract_info/
WARNING 2025-07-14 13:29:49,445 log 13141 536270060656 Not Found: /extract_info/
WARNING 2025-07-14 13:29:49,446 basehttp 13141 536270060656 "POST /extract_info/ HTTP/1.1" 404 3509
WARNING 2025-07-14 13:29:49,446 basehttp 13141 536270060656 "POST /extract_info/ HTTP/1.1" 404 3509
WARNING 2025-07-14 13:29:49,614 log 13141 536270060656 Not Found: /extract_info/
WARNING 2025-07-14 13:29:49,614 log 13141 536270060656 Not Found: /extract_info/
WARNING 2025-07-14 13:29:49,615 basehttp 13141 536270060656 "POST /extract_info/ HTTP/1.1" 404 3509
WARNING 2025-07-14 13:29:49,615 basehttp 13141 536270060656 "POST /extract_info/ HTTP/1.1" 404 3509
WARNING 2025-07-14 13:29:50,016 log 13141 536270060656 Not Found: /extract_info/
WARNING 2025-07-14 13:29:50,016 log 13141 536270060656 Not Found: /extract_info/
WARNING 2025-07-14 13:29:50,018 basehttp 13141 536270060656 "POST /extract_info/ HTTP/1.1" 404 3509
WARNING 2025-07-14 13:29:50,018 basehttp 13141 536270060656 "POST /extract_info/ HTTP/1.1" 404 3509
WARNING 2025-07-14 13:29:50,195 log 13141 536270060656 Not Found: /extract_info/
WARNING 2025-07-14 13:29:50,195 log 13141 536270060656 Not Found: /extract_info/
WARNING 2025-07-14 13:29:50,199 basehttp 13141 536270060656 "POST /extract_info/ HTTP/1.1" 404 3509
WARNING 2025-07-14 13:29:50,199 basehttp 13141 536270060656 "POST /extract_info/ HTTP/1.1" 404 3509
WARNING 2025-07-14 13:29:50,333 log 13141 536270060656 Not Found: /extract_info/
WARNING 2025-07-14 13:29:50,333 log 13141 536270060656 Not Found: /extract_info/
WARNING 2025-07-14 13:29:50,337 basehttp 13141 536270060656 "POST /extract_info/ HTTP/1.1" 404 3509
WARNING 2025-07-14 13:29:50,337 basehttp 13141 536270060656 "POST /extract_info/ HTTP/1.1" 404 3509
WARNING 2025-07-14 13:29:50,967 log 13141 536270060656 Not Found: /extract_info/
WARNING 2025-07-14 13:29:50,967 log 13141 536270060656 Not Found: /extract_info/
WARNING 2025-07-14 13:29:50,971 basehttp 13141 536270060656 "POST /extract_info/ HTTP/1.1" 404 3509
WARNING 2025-07-14 13:29:50,971 basehttp 13141 536270060656 "POST /extract_info/ HTTP/1.1" 404 3509
WARNING 2025-07-14 13:29:51,819 log 13141 536270060656 Not Found: /extract_info/
WARNING 2025-07-14 13:29:51,819 log 13141 536270060656 Not Found: /extract_info/
WARNING 2025-07-14 13:29:51,825 basehttp 13141 536270060656 "POST /extract_info/ HTTP/1.1" 404 3509
WARNING 2025-07-14 13:29:51,825 basehttp 13141 536270060656 "POST /extract_info/ HTTP/1.1" 404 3509
WARNING 2025-07-14 13:29:53,170 log 13141 536270060656 Not Found: /extract_info/
WARNING 2025-07-14 13:29:53,170 log 13141 536270060656 Not Found: /extract_info/
WARNING 2025-07-14 13:29:53,171 basehttp 13141 536270060656 "POST /extract_info/ HTTP/1.1" 404 3509
WARNING 2025-07-14 13:29:53,171 basehttp 13141 536270060656 "POST /extract_info/ HTTP/1.1" 404 3509
WARNING 2025-07-14 13:29:53,871 log 13141 536270060656 Not Found: /extract_info/
WARNING 2025-07-14 13:29:53,871 log 13141 536270060656 Not Found: /extract_info/
WARNING 2025-07-14 13:29:53,872 basehttp 13141 536270060656 "POST /extract_info/ HTTP/1.1" 404 3509
WARNING 2025-07-14 13:29:53,872 basehttp 13141 536270060656 "POST /extract_info/ HTTP/1.1" 404 3509
WARNING 2025-07-14 13:29:54,390 log 13141 536270060656 Not Found: /extract_info/
WARNING 2025-07-14 13:29:54,390 log 13141 536270060656 Not Found: /extract_info/
WARNING 2025-07-14 13:29:54,391 basehttp 13141 536270060656 "POST /extract_info/ HTTP/1.1" 404 3509
WARNING 2025-07-14 13:29:54,391 basehttp 13141 536270060656 "POST /extract_info/ HTTP/1.1" 404 3509
WARNING 2025-07-14 13:29:54,543 log 13141 536270060656 Not Found: /extract_info/
WARNING 2025-07-14 13:29:54,543 log 13141 536270060656 Not Found: /extract_info/
WARNING 2025-07-14 13:29:54,544 basehttp 13141 536270060656 "POST /extract_info/ HTTP/1.1" 404 3509
WARNING 2025-07-14 13:29:54,544 basehttp 13141 536270060656 "POST /extract_info/ HTTP/1.1" 404 3509
WARNING 2025-07-14 13:29:54,819 log 13141 536270060656 Not Found: /extract_info/
WARNING 2025-07-14 13:29:54,819 log 13141 536270060656 Not Found: /extract_info/
WARNING 2025-07-14 13:29:54,821 basehttp 13141 536270060656 "POST /extract_info/ HTTP/1.1" 404 3509
WARNING 2025-07-14 13:29:54,821 basehttp 13141 536270060656 "POST /extract_info/ HTTP/1.1" 404 3509
WARNING 2025-07-14 13:29:55,002 log 13141 536270060656 Not Found: /extract_info/
WARNING 2025-07-14 13:29:55,002 log 13141 536270060656 Not Found: /extract_info/
WARNING 2025-07-14 13:29:55,006 basehttp 13141 536270060656 "POST /extract_info/ HTTP/1.1" 404 3509
WARNING 2025-07-14 13:29:55,006 basehttp 13141 536270060656 "POST /extract_info/ HTTP/1.1" 404 3509
WARNING 2025-07-14 13:29:55,163 log 13141 536270060656 Not Found: /extract_info/
WARNING 2025-07-14 13:29:55,163 log 13141 536270060656 Not Found: /extract_info/
WARNING 2025-07-14 13:29:55,165 basehttp 13141 536270060656 "POST /extract_info/ HTTP/1.1" 404 3509
WARNING 2025-07-14 13:29:55,165 basehttp 13141 536270060656 "POST /extract_info/ HTTP/1.1" 404 3509
WARNING 2025-07-14 13:29:55,334 log 13141 536270060656 Not Found: /extract_info/
WARNING 2025-07-14 13:29:55,334 log 13141 536270060656 Not Found: /extract_info/
WARNING 2025-07-14 13:29:55,337 basehttp 13141 536270060656 "POST /extract_info/ HTTP/1.1" 404 3509
WARNING 2025-07-14 13:29:55,337 basehttp 13141 536270060656 "POST /extract_info/ HTTP/1.1" 404 3509
WARNING 2025-07-14 13:29:55,680 log 13141 536270060656 Not Found: /extract_info/
WARNING 2025-07-14 13:29:55,680 log 13141 536270060656 Not Found: /extract_info/
WARNING 2025-07-14 13:29:55,684 basehttp 13141 536270060656 "POST /extract_info/ HTTP/1.1" 404 3509
WARNING 2025-07-14 13:29:55,684 basehttp 13141 536270060656 "POST /extract_info/ HTTP/1.1" 404 3509
WARNING 2025-07-14 13:29:55,815 log 13141 536270060656 Not Found: /extract_info/
WARNING 2025-07-14 13:29:55,815 log 13141 536270060656 Not Found: /extract_info/
WARNING 2025-07-14 13:29:55,819 basehttp 13141 536270060656 "POST /extract_info/ HTTP/1.1" 404 3509
WARNING 2025-07-14 13:29:55,819 basehttp 13141 536270060656 "POST /extract_info/ HTTP/1.1" 404 3509
WARNING 2025-07-14 13:29:56,134 log 13141 536270060656 Not Found: /extract_info/
WARNING 2025-07-14 13:29:56,134 log 13141 536270060656 Not Found: /extract_info/
WARNING 2025-07-14 13:29:56,136 basehttp 13141 536270060656 "POST /extract_info/ HTTP/1.1" 404 3509
WARNING 2025-07-14 13:29:56,136 basehttp 13141 536270060656 "POST /extract_info/ HTTP/1.1" 404 3509
WARNING 2025-07-14 13:29:56,260 log 13141 536270060656 Not Found: /extract_info/
WARNING 2025-07-14 13:29:56,260 log 13141 536270060656 Not Found: /extract_info/
WARNING 2025-07-14 13:29:56,265 basehttp 13141 536270060656 "POST /extract_info/ HTTP/1.1" 404 3509
WARNING 2025-07-14 13:29:56,265 basehttp 13141 536270060656 "POST /extract_info/ HTTP/1.1" 404 3509
WARNING 2025-07-14 13:29:56,397 log 13141 536270060656 Not Found: /extract_info/
WARNING 2025-07-14 13:29:56,397 log 13141 536270060656 Not Found: /extract_info/
WARNING 2025-07-14 13:29:56,399 basehttp 13141 536270060656 "POST /extract_info/ HTTP/1.1" 404 3509
WARNING 2025-07-14 13:29:56,399 basehttp 13141 536270060656 "POST /extract_info/ HTTP/1.1" 404 3509
WARNING 2025-07-14 13:29:56,666 log 13141 536270060656 Not Found: /extract_info/
WARNING 2025-07-14 13:29:56,666 log 13141 536270060656 Not Found: /extract_info/
WARNING 2025-07-14 13:29:56,667 basehttp 13141 536270060656 "POST /extract_info/ HTTP/1.1" 404 3509
WARNING 2025-07-14 13:29:56,667 basehttp 13141 536270060656 "POST /extract_info/ HTTP/1.1" 404 3509
WARNING 2025-07-14 13:29:56,836 log 13141 536270060656 Not Found: /extract_info/
WARNING 2025-07-14 13:29:56,836 log 13141 536270060656 Not Found: /extract_info/
WARNING 2025-07-14 13:29:56,837 basehttp 13141 536270060656 "POST /extract_info/ HTTP/1.1" 404 3509
WARNING 2025-07-14 13:29:56,837 basehttp 13141 536270060656 "POST /extract_info/ HTTP/1.1" 404 3509
WARNING 2025-07-14 13:29:56,981 log 13141 536270060656 Not Found: /extract_info/
WARNING 2025-07-14 13:29:56,981 log 13141 536270060656 Not Found: /extract_info/
WARNING 2025-07-14 13:29:56,985 basehttp 13141 536270060656 "POST /extract_info/ HTTP/1.1" 404 3509
WARNING 2025-07-14 13:29:56,985 basehttp 13141 536270060656 "POST /extract_info/ HTTP/1.1" 404 3509
WARNING 2025-07-14 13:29:57,153 log 13141 536270060656 Not Found: /extract_info/
WARNING 2025-07-14 13:29:57,153 log 13141 536270060656 Not Found: /extract_info/
WARNING 2025-07-14 13:29:57,154 basehttp 13141 536270060656 "POST /extract_info/ HTTP/1.1" 404 3509
WARNING 2025-07-14 13:29:57,154 basehttp 13141 536270060656 "POST /extract_info/ HTTP/1.1" 404 3509
WARNING 2025-07-14 13:29:57,343 log 13141 536270060656 Not Found: /extract_info/
WARNING 2025-07-14 13:29:57,343 log 13141 536270060656 Not Found: /extract_info/
WARNING 2025-07-14 13:29:57,346 basehttp 13141 536270060656 "POST /extract_info/ HTTP/1.1" 404 3509
WARNING 2025-07-14 13:29:57,346 basehttp 13141 536270060656 "POST /extract_info/ HTTP/1.1" 404 3509
WARNING 2025-07-14 13:29:57,629 log 13141 536270060656 Not Found: /extract_info/
WARNING 2025-07-14 13:29:57,629 log 13141 536270060656 Not Found: /extract_info/
WARNING 2025-07-14 13:29:57,630 basehttp 13141 536270060656 "POST /extract_info/ HTTP/1.1" 404 3509
WARNING 2025-07-14 13:29:57,630 basehttp 13141 536270060656 "POST /extract_info/ HTTP/1.1" 404 3509
WARNING 2025-07-14 13:29:57,798 log 13141 536270060656 Not Found: /extract_info/
WARNING 2025-07-14 13:29:57,798 log 13141 536270060656 Not Found: /extract_info/
WARNING 2025-07-14 13:29:57,799 basehttp 13141 536270060656 "POST /extract_info/ HTTP/1.1" 404 3509
WARNING 2025-07-14 13:29:57,799 basehttp 13141 536270060656 "POST /extract_info/ HTTP/1.1" 404 3509
WARNING 2025-07-14 13:29:57,959 log 13141 536270060656 Not Found: /extract_info/
WARNING 2025-07-14 13:29:57,959 log 13141 536270060656 Not Found: /extract_info/
WARNING 2025-07-14 13:29:57,961 basehttp 13141 536270060656 "POST /extract_info/ HTTP/1.1" 404 3509
WARNING 2025-07-14 13:29:57,961 basehttp 13141 536270060656 "POST /extract_info/ HTTP/1.1" 404 3509
WARNING 2025-07-14 13:29:58,065 log 13141 536270060656 Not Found: /extract_info/
WARNING 2025-07-14 13:29:58,065 log 13141 536270060656 Not Found: /extract_info/
WARNING 2025-07-14 13:29:58,066 basehttp 13141 536270060656 "POST /extract_info/ HTTP/1.1" 404 3509
WARNING 2025-07-14 13:29:58,066 basehttp 13141 536270060656 "POST /extract_info/ HTTP/1.1" 404 3509
WARNING 2025-07-14 13:29:58,789 log 13141 536270060656 Not Found: /extract_info/
WARNING 2025-07-14 13:29:58,789 log 13141 536270060656 Not Found: /extract_info/
WARNING 2025-07-14 13:29:58,791 basehttp 13141 536270060656 "POST /extract_info/ HTTP/1.1" 404 3509
WARNING 2025-07-14 13:29:58,791 basehttp 13141 536270060656 "POST /extract_info/ HTTP/1.1" 404 3509
WARNING 2025-07-14 13:29:59,301 log 13141 536270060656 Not Found: /extract_info/
WARNING 2025-07-14 13:29:59,301 log 13141 536270060656 Not Found: /extract_info/
WARNING 2025-07-14 13:29:59,317 basehttp 13141 536270060656 "POST /extract_info/ HTTP/1.1" 404 3509
WARNING 2025-07-14 13:29:59,317 basehttp 13141 536270060656 "POST /extract_info/ HTTP/1.1" 404 3509
WARNING 2025-07-14 13:29:59,486 log 13141 536270060656 Not Found: /extract_info/
WARNING 2025-07-14 13:29:59,486 log 13141 536270060656 Not Found: /extract_info/
WARNING 2025-07-14 13:29:59,490 basehttp 13141 536270060656 "POST /extract_info/ HTTP/1.1" 404 3509
WARNING 2025-07-14 13:29:59,490 basehttp 13141 536270060656 "POST /extract_info/ HTTP/1.1" 404 3509
WARNING 2025-07-14 13:29:59,633 log 13141 536270060656 Not Found: /extract_info/
WARNING 2025-07-14 13:29:59,633 log 13141 536270060656 Not Found: /extract_info/
WARNING 2025-07-14 13:29:59,634 basehttp 13141 536270060656 "POST /extract_info/ HTTP/1.1" 404 3509
WARNING 2025-07-14 13:29:59,634 basehttp 13141 536270060656 "POST /extract_info/ HTTP/1.1" 404 3509
WARNING 2025-07-14 13:30:00,107 log 13141 536270060656 Not Found: /extract_info/
WARNING 2025-07-14 13:30:00,107 log 13141 536270060656 Not Found: /extract_info/
WARNING 2025-07-14 13:30:00,109 basehttp 13141 536270060656 "POST /extract_info/ HTTP/1.1" 404 3509
WARNING 2025-07-14 13:30:00,109 basehttp 13141 536270060656 "POST /extract_info/ HTTP/1.1" 404 3509
WARNING 2025-07-14 13:30:00,319 log 13141 536270060656 Not Found: /extract_info/
WARNING 2025-07-14 13:30:00,319 log 13141 536270060656 Not Found: /extract_info/
WARNING 2025-07-14 13:30:00,323 basehttp 13141 536270060656 "POST /extract_info/ HTTP/1.1" 404 3509
WARNING 2025-07-14 13:30:00,323 basehttp 13141 536270060656 "POST /extract_info/ HTTP/1.1" 404 3509
WARNING 2025-07-14 13:30:00,524 log 13141 536270060656 Not Found: /extract_info/
WARNING 2025-07-14 13:30:00,524 log 13141 536270060656 Not Found: /extract_info/
WARNING 2025-07-14 13:30:00,526 basehttp 13141 536270060656 "POST /extract_info/ HTTP/1.1" 404 3509
WARNING 2025-07-14 13:30:00,526 basehttp 13141 536270060656 "POST /extract_info/ HTTP/1.1" 404 3509
WARNING 2025-07-14 13:30:00,807 log 13141 536270060656 Not Found: /extract_info/
WARNING 2025-07-14 13:30:00,807 log 13141 536270060656 Not Found: /extract_info/
WARNING 2025-07-14 13:30:00,810 basehttp 13141 536270060656 "POST /extract_info/ HTTP/1.1" 404 3509
WARNING 2025-07-14 13:30:00,810 basehttp 13141 536270060656 "POST /extract_info/ HTTP/1.1" 404 3509
WARNING 2025-07-14 13:30:00,967 log 13141 536270060656 Not Found: /extract_info/
WARNING 2025-07-14 13:30:00,967 log 13141 536270060656 Not Found: /extract_info/
WARNING 2025-07-14 13:30:00,968 basehttp 13141 536270060656 "POST /extract_info/ HTTP/1.1" 404 3509
WARNING 2025-07-14 13:30:00,968 basehttp 13141 536270060656 "POST /extract_info/ HTTP/1.1" 404 3509
WARNING 2025-07-14 13:30:01,109 log 13141 536270060656 Not Found: /extract_info/
WARNING 2025-07-14 13:30:01,109 log 13141 536270060656 Not Found: /extract_info/
WARNING 2025-07-14 13:30:01,111 basehttp 13141 536270060656 "POST /extract_info/ HTTP/1.1" 404 3509
WARNING 2025-07-14 13:30:01,111 basehttp 13141 536270060656 "POST /extract_info/ HTTP/1.1" 404 3509
WARNING 2025-07-14 13:30:01,219 log 13141 536270060656 Not Found: /extract_info/
WARNING 2025-07-14 13:30:01,219 log 13141 536270060656 Not Found: /extract_info/
WARNING 2025-07-14 13:30:01,220 basehttp 13141 536270060656 "POST /extract_info/ HTTP/1.1" 404 3509
WARNING 2025-07-14 13:30:01,220 basehttp 13141 536270060656 "POST /extract_info/ HTTP/1.1" 404 3509
WARNING 2025-07-14 13:31:11,677 log 13141 536270060656 Not Found: /extract_info/
WARNING 2025-07-14 13:31:11,677 log 13141 536270060656 Not Found: /extract_info/
WARNING 2025-07-14 13:31:11,686 basehttp 13141 536270060656 "POST /extract_info/ HTTP/1.1" 404 3509
WARNING 2025-07-14 13:31:11,686 basehttp 13141 536270060656 "POST /extract_info/ HTTP/1.1" 404 3509
WARNING 2025-07-14 13:31:17,754 log 13141 536270060656 Not Found: /extract_info/
WARNING 2025-07-14 13:31:17,754 log 13141 536270060656 Not Found: /extract_info/
WARNING 2025-07-14 13:31:17,756 basehttp 13141 536270060656 "POST /extract_info/ HTTP/1.1" 404 3509
WARNING 2025-07-14 13:31:17,756 basehttp 13141 536270060656 "POST /extract_info/ HTTP/1.1" 404 3509
WARNING 2025-07-14 13:31:24,430 log 13141 536270060656 Not Found: /extract_info/
WARNING 2025-07-14 13:31:24,430 log 13141 536270060656 Not Found: /extract_info/
WARNING 2025-07-14 13:31:24,434 basehttp 13141 536270060656 "POST /extract_info/ HTTP/1.1" 404 3509
WARNING 2025-07-14 13:31:24,434 basehttp 13141 536270060656 "POST /extract_info/ HTTP/1.1" 404 3509
INFO 2025-07-14 13:33:01,436 autoreload 13141 538665850112 /storage/emulated/0/21k.dir/tesla/tesla/urls.py changed, reloading.
INFO 2025-07-14 13:33:01,436 autoreload 13141 538665850112 /storage/emulated/0/21k.dir/tesla/tesla/urls.py changed, reloading.
INFO 2025-07-14 13:33:05,747 autoreload 21577 530426447104 Watching for file changes with StatReloader
INFO 2025-07-14 13:33:05,747 autoreload 21577 530426447104 Watching for file changes with StatReloader
WARNING 2025-07-14 13:33:09,865 log 21577 528056564848 Not Found: /extract_info/
WARNING 2025-07-14 13:33:09,865 log 21577 528056564848 Not Found: /extract_info/
WARNING 2025-07-14 13:33:09,868 basehttp 21577 528056564848 "POST /extract_info/ HTTP/1.1" 404 3509
WARNING 2025-07-14 13:33:09,868 basehttp 21577 528056564848 "POST /extract_info/ HTTP/1.1" 404 3509
WARNING 2025-07-14 13:33:09,955 log 21577 528056564848 Not Found: /extract_info/
WARNING 2025-07-14 13:33:09,955 log 21577 528056564848 Not Found: /extract_info/
WARNING 2025-07-14 13:33:09,959 basehttp 21577 528056564848 "POST /extract_info/ HTTP/1.1" 404 3509
WARNING 2025-07-14 13:33:09,959 basehttp 21577 528056564848 "POST /extract_info/ HTTP/1.1" 404 3509
WARNING 2025-07-14 13:33:10,121 log 21577 528056564848 Not Found: /extract_info/
WARNING 2025-07-14 13:33:10,121 log 21577 528056564848 Not Found: /extract_info/
WARNING 2025-07-14 13:33:10,125 basehttp 21577 528056564848 "POST /extract_info/ HTTP/1.1" 404 3509
WARNING 2025-07-14 13:33:10,125 basehttp 21577 528056564848 "POST /extract_info/ HTTP/1.1" 404 3509
WARNING 2025-07-14 13:33:10,245 log 21577 528056564848 Not Found: /extract_info/
WARNING 2025-07-14 13:33:10,245 log 21577 528056564848 Not Found: /extract_info/
WARNING 2025-07-14 13:33:10,249 basehttp 21577 528056564848 "POST /extract_info/ HTTP/1.1" 404 3509
WARNING 2025-07-14 13:33:10,249 basehttp 21577 528056564848 "POST /extract_info/ HTTP/1.1" 404 3509
WARNING 2025-07-14 13:33:10,592 log 21577 528056564848 Not Found: /extract_info/
WARNING 2025-07-14 13:33:10,592 log 21577 528056564848 Not Found: /extract_info/
WARNING 2025-07-14 13:33:10,594 basehttp 21577 528056564848 "POST /extract_info/ HTTP/1.1" 404 3509
WARNING 2025-07-14 13:33:10,594 basehttp 21577 528056564848 "POST /extract_info/ HTTP/1.1" 404 3509
WARNING 2025-07-14 13:33:10,709 log 21577 528056564848 Not Found: /extract_info/
WARNING 2025-07-14 13:33:10,709 log 21577 528056564848 Not Found: /extract_info/
WARNING 2025-07-14 13:33:10,712 basehttp 21577 528056564848 "POST /extract_info/ HTTP/1.1" 404 3509
WARNING 2025-07-14 13:33:10,712 basehttp 21577 528056564848 "POST /extract_info/ HTTP/1.1" 404 3509
WARNING 2025-07-14 13:33:10,879 log 21577 528056564848 Not Found: /extract_info/
WARNING 2025-07-14 13:33:10,879 log 21577 528056564848 Not Found: /extract_info/
WARNING 2025-07-14 13:33:10,883 basehttp 21577 528056564848 "POST /extract_info/ HTTP/1.1" 404 3509
WARNING 2025-07-14 13:33:10,883 basehttp 21577 528056564848 "POST /extract_info/ HTTP/1.1" 404 3509
WARNING 2025-07-14 13:33:10,996 log 21577 528056564848 Not Found: /extract_info/
WARNING 2025-07-14 13:33:10,996 log 21577 528056564848 Not Found: /extract_info/
WARNING 2025-07-14 13:33:10,998 basehttp 21577 528056564848 "POST /extract_info/ HTTP/1.1" 404 3509
WARNING 2025-07-14 13:33:10,998 basehttp 21577 528056564848 "POST /extract_info/ HTTP/1.1" 404 3509
WARNING 2025-07-14 13:33:11,137 log 21577 528056564848 Not Found: /extract_info/
WARNING 2025-07-14 13:33:11,137 log 21577 528056564848 Not Found: /extract_info/
WARNING 2025-07-14 13:33:11,138 basehttp 21577 528056564848 "POST /extract_info/ HTTP/1.1" 404 3509
WARNING 2025-07-14 13:33:11,138 basehttp 21577 528056564848 "POST /extract_info/ HTTP/1.1" 404 3509
WARNING 2025-07-14 13:33:11,300 log 21577 528056564848 Not Found: /extract_info/
WARNING 2025-07-14 13:33:11,300 log 21577 528056564848 Not Found: /extract_info/
WARNING 2025-07-14 13:33:11,308 basehttp 21577 528056564848 "POST /extract_info/ HTTP/1.1" 404 3509
WARNING 2025-07-14 13:33:11,308 basehttp 21577 528056564848 "POST /extract_info/ HTTP/1.1" 404 3509
INFO 2025-07-14 13:33:12,053 basehttp 21577 528056564848 "GET / HTTP/1.1" 200 24641
INFO 2025-07-14 13:33:12,053 basehttp 21577 528056564848 "GET / HTTP/1.1" 200 24641
WARNING 2025-07-14 13:33:12,421 log 21577 528056564848 Not Found: /get_supported_sites/
WARNING 2025-07-14 13:33:12,421 log 21577 528056564848 Not Found: /get_supported_sites/
WARNING 2025-07-14 13:33:12,422 basehttp 21577 528056564848 "GET /get_supported_sites/ HTTP/1.1" 404 3529
WARNING 2025-07-14 13:33:12,422 basehttp 21577 528056564848 "GET /get_supported_sites/ HTTP/1.1" 404 3529
WARNING 2025-07-14 13:33:19,309 log 21577 528056564848 Not Found: /extract_info/
WARNING 2025-07-14 13:33:19,309 log 21577 528056564848 Not Found: /extract_info/
WARNING 2025-07-14 13:33:19,310 basehttp 21577 528056564848 "POST /extract_info/ HTTP/1.1" 404 3509
WARNING 2025-07-14 13:33:19,310 basehttp 21577 528056564848 "POST /extract_info/ HTTP/1.1" 404 3509
WARNING 2025-07-14 13:33:20,562 log 21577 528056564848 Not Found: /extract_info/
WARNING 2025-07-14 13:33:20,562 log 21577 528056564848 Not Found: /extract_info/
WARNING 2025-07-14 13:33:20,564 basehttp 21577 528056564848 "POST /extract_info/ HTTP/1.1" 404 3509
WARNING 2025-07-14 13:33:20,564 basehttp 21577 528056564848 "POST /extract_info/ HTTP/1.1" 404 3509
WARNING 2025-07-14 13:33:20,749 log 21577 528056564848 Not Found: /extract_info/
WARNING 2025-07-14 13:33:20,749 log 21577 528056564848 Not Found: /extract_info/
WARNING 2025-07-14 13:33:20,750 basehttp 21577 528056564848 "POST /extract_info/ HTTP/1.1" 404 3509
WARNING 2025-07-14 13:33:20,750 basehttp 21577 528056564848 "POST /extract_info/ HTTP/1.1" 404 3509
WARNING 2025-07-14 13:33:20,933 log 21577 528056564848 Not Found: /extract_info/
WARNING 2025-07-14 13:33:20,933 log 21577 528056564848 Not Found: /extract_info/
WARNING 2025-07-14 13:33:20,934 basehttp 21577 528056564848 "POST /extract_info/ HTTP/1.1" 404 3509
WARNING 2025-07-14 13:33:20,934 basehttp 21577 528056564848 "POST /extract_info/ HTTP/1.1" 404 3509
WARNING 2025-07-14 13:33:21,109 log 21577 528056564848 Not Found: /extract_info/
WARNING 2025-07-14 13:33:21,109 log 21577 528056564848 Not Found: /extract_info/
WARNING 2025-07-14 13:33:21,110 basehttp 21577 528056564848 "POST /extract_info/ HTTP/1.1" 404 3509
WARNING 2025-07-14 13:33:21,110 basehttp 21577 528056564848 "POST /extract_info/ HTTP/1.1" 404 3509
WARNING 2025-07-14 13:33:21,323 log 21577 528056564848 Not Found: /extract_info/
WARNING 2025-07-14 13:33:21,323 log 21577 528056564848 Not Found: /extract_info/
WARNING 2025-07-14 13:33:21,327 basehttp 21577 528056564848 "POST /extract_info/ HTTP/1.1" 404 3509
WARNING 2025-07-14 13:33:21,327 basehttp 21577 528056564848 "POST /extract_info/ HTTP/1.1" 404 3509
WARNING 2025-07-14 13:33:21,419 log 21577 528056564848 Not Found: /extract_info/
WARNING 2025-07-14 13:33:21,419 log 21577 528056564848 Not Found: /extract_info/
WARNING 2025-07-14 13:33:21,421 basehttp 21577 528056564848 "POST /extract_info/ HTTP/1.1" 404 3509
WARNING 2025-07-14 13:33:21,421 basehttp 21577 528056564848 "POST /extract_info/ HTTP/1.1" 404 3509
WARNING 2025-07-14 13:33:21,691 log 21577 528056564848 Not Found: /extract_info/
WARNING 2025-07-14 13:33:21,691 log 21577 528056564848 Not Found: /extract_info/
WARNING 2025-07-14 13:33:21,694 basehttp 21577 528056564848 "POST /extract_info/ HTTP/1.1" 404 3509
WARNING 2025-07-14 13:33:21,694 basehttp 21577 528056564848 "POST /extract_info/ HTTP/1.1" 404 3509
WARNING 2025-07-14 13:33:21,870 log 21577 528056564848 Not Found: /extract_info/
WARNING 2025-07-14 13:33:21,870 log 21577 528056564848 Not Found: /extract_info/
WARNING 2025-07-14 13:33:21,871 basehttp 21577 528056564848 "POST /extract_info/ HTTP/1.1" 404 3509
WARNING 2025-07-14 13:33:21,871 basehttp 21577 528056564848 "POST /extract_info/ HTTP/1.1" 404 3509
WARNING 2025-07-14 13:33:22,028 log 21577 528056564848 Not Found: /extract_info/
WARNING 2025-07-14 13:33:22,028 log 21577 528056564848 Not Found: /extract_info/
WARNING 2025-07-14 13:33:22,029 basehttp 21577 528056564848 "POST /extract_info/ HTTP/1.1" 404 3509
WARNING 2025-07-14 13:33:22,029 basehttp 21577 528056564848 "POST /extract_info/ HTTP/1.1" 404 3509
WARNING 2025-07-14 13:33:22,742 log 21577 528056564848 Not Found: /extract_info/
WARNING 2025-07-14 13:33:22,742 log 21577 528056564848 Not Found: /extract_info/
WARNING 2025-07-14 13:33:22,748 basehttp 21577 528056564848 "POST /extract_info/ HTTP/1.1" 404 3509
WARNING 2025-07-14 13:33:22,748 basehttp 21577 528056564848 "POST /extract_info/ HTTP/1.1" 404 3509
WARNING 2025-07-14 13:33:22,961 log 21577 528056564848 Not Found: /extract_info/
WARNING 2025-07-14 13:33:22,961 log 21577 528056564848 Not Found: /extract_info/
WARNING 2025-07-14 13:33:22,963 basehttp 21577 528056564848 "POST /extract_info/ HTTP/1.1" 404 3509
WARNING 2025-07-14 13:33:22,963 basehttp 21577 528056564848 "POST /extract_info/ HTTP/1.1" 404 3509
INFO 2025-07-14 13:36:44,743 autoreload 21577 530426447104 /storage/emulated/0/21k.dir/tesla/tesla/urls.py changed, reloading.
INFO 2025-07-14 13:36:44,743 autoreload 21577 530426447104 /storage/emulated/0/21k.dir/tesla/tesla/urls.py changed, reloading.
INFO 2025-07-14 13:36:48,637 autoreload 25968 497052079360 Watching for file changes with StatReloader
INFO 2025-07-14 13:36:48,637 autoreload 25968 497052079360 Watching for file changes with StatReloader
WARNING 2025-07-14 13:40:29,052 log 25968 494691925104 Not Found: /favicon.ico
WARNING 2025-07-14 13:40:29,052 log 25968 494691925104 Not Found: /favicon.ico
WARNING 2025-07-14 13:40:29,112 basehttp 25968 494691925104 "GET /favicon.ico HTTP/1.1" 404 4248
WARNING 2025-07-14 13:40:29,112 basehttp 25968 494691925104 "GET /favicon.ico HTTP/1.1" 404 4248
INFO 2025-07-14 13:40:33,425 basehttp 25968 494691925104 "POST /extract_info/ HTTP/1.1" 200 7332
INFO 2025-07-14 13:40:33,425 basehttp 25968 494691925104 "POST /extract_info/ HTTP/1.1" 200 7332
INFO 2025-07-14 13:41:08,599 basehttp 25968 494691925104 "POST /download_video/ HTTP/1.1" 200 607
INFO 2025-07-14 13:41:08,599 basehttp 25968 494691925104 "POST /download_video/ HTTP/1.1" 200 607
INFO 2025-07-14 13:41:08,695 basehttp 25968 494691925104 "GET /download/00d334b9-4daf-43b6-a8c9-64f9c1fc185a/Video%20by%20shouryangaa__%20-%2021k.tools.mp4 HTTP/1.1" 301 0
INFO 2025-07-14 13:41:08,695 basehttp 25968 494691925104 "GET /download/00d334b9-4daf-43b6-a8c9-64f9c1fc185a/Video%20by%20shouryangaa__%20-%2021k.tools.mp4 HTTP/1.1" 301 0
INFO 2025-07-14 13:41:08,765 basehttp 25968 494691925104 "GET /download/00d334b9-4daf-43b6-a8c9-64f9c1fc185a/Video%20by%20shouryangaa__%20-%2021k.tools.mp4/ HTTP/1.1" 200 2009708
INFO 2025-07-14 13:41:08,765 basehttp 25968 494691925104 "GET /download/00d334b9-4daf-43b6-a8c9-64f9c1fc185a/Video%20by%20shouryangaa__%20-%2021k.tools.mp4/ HTTP/1.1" 200 2009708
WARNING 2025-07-14 14:00:39,446 log 25968 494691925104 Not Found: /favicon.ico
WARNING 2025-07-14 14:00:39,446 log 25968 494691925104 Not Found: /favicon.ico
WARNING 2025-07-14 14:00:39,473 basehttp 25968 494691925104 "GET /favicon.ico HTTP/1.1" 404 4248
WARNING 2025-07-14 14:00:39,473 basehttp 25968 494691925104 "GET /favicon.ico HTTP/1.1" 404 4248
INFO 2025-07-15 03:45:19,632 autoreload 28020 530429474048 Watching for file changes with StatReloader
INFO 2025-07-15 03:45:19,632 autoreload 28020 530429474048 Watching for file changes with StatReloader
ERROR 2025-07-15 03:50:03,427 log 28020 528007281776 Internal Server Error: /
Traceback (most recent call last):
  File "/data/data/com.termux/files/usr/lib/python3.12/site-packages/django/template/base.py", line 510, in parse
    compile_func = self.tags[command]
                   ~~~~~~~~~^^^^^^^^^
KeyError: 'crsf_token'

During handling of the above exception, another exception occurred:

Traceback (most recent call last):
  File "/data/data/com.termux/files/usr/lib/python3.12/site-packages/django/core/handlers/exception.py", line 55, in inner
    response = get_response(request)
               ^^^^^^^^^^^^^^^^^^^^^
  File "/data/data/com.termux/files/usr/lib/python3.12/site-packages/django/core/handlers/base.py", line 197, in _get_response
    response = wrapped_callback(request, *callback_args, **callback_kwargs)
               ^^^^^^^^^^^^^^^^^^^^^^^^^^^^^^^^^^^^^^^^^^^^^^^^^^^^^^^^^^^^
  File "/storage/emulated/0/21k.dir/tesla/tesla/views.py", line 339, in home
    return render(request, 'home.html')
           ^^^^^^^^^^^^^^^^^^^^^^^^^^^^
  File "/data/data/com.termux/files/usr/lib/python3.12/site-packages/django/shortcuts.py", line 25, in render
    content = loader.render_to_string(template_name, context, request, using=using)
              ^^^^^^^^^^^^^^^^^^^^^^^^^^^^^^^^^^^^^^^^^^^^^^^^^^^^^^^^^^^^^^^^^^^^^
  File "/data/data/com.termux/files/usr/lib/python3.12/site-packages/django/template/loader.py", line 61, in render_to_string
    template = get_template(template_name, using=using)
               ^^^^^^^^^^^^^^^^^^^^^^^^^^^^^^^^^^^^^^^^
  File "/data/data/com.termux/files/usr/lib/python3.12/site-packages/django/template/loader.py", line 15, in get_template
    return engine.get_template(template_name)
           ^^^^^^^^^^^^^^^^^^^^^^^^^^^^^^^^^^
  File "/data/data/com.termux/files/usr/lib/python3.12/site-packages/django/template/backends/django.py", line 79, in get_template
    return Template(self.engine.get_template(template_name), self)
                    ^^^^^^^^^^^^^^^^^^^^^^^^^^^^^^^^^^^^^^^
  File "/data/data/com.termux/files/usr/lib/python3.12/site-packages/django/template/engine.py", line 177, in get_template
    template, origin = self.find_template(template_name)
                       ^^^^^^^^^^^^^^^^^^^^^^^^^^^^^^^^^
  File "/data/data/com.termux/files/usr/lib/python3.12/site-packages/django/template/engine.py", line 159, in find_template
    template = loader.get_template(name, skip=skip)
               ^^^^^^^^^^^^^^^^^^^^^^^^^^^^^^^^^^^^
  File "/data/data/com.termux/files/usr/lib/python3.12/site-packages/django/template/loaders/cached.py", line 57, in get_template
    template = super().get_template(template_name, skip)
               ^^^^^^^^^^^^^^^^^^^^^^^^^^^^^^^^^^^^^^^^^
  File "/data/data/com.termux/files/usr/lib/python3.12/site-packages/django/template/loaders/base.py", line 28, in get_template
    return Template(
           ^^^^^^^^^
  File "/data/data/com.termux/files/usr/lib/python3.12/site-packages/django/template/base.py", line 154, in __init__
    self.nodelist = self.compile_nodelist()
                    ^^^^^^^^^^^^^^^^^^^^^^^
  File "/data/data/com.termux/files/usr/lib/python3.12/site-packages/django/template/base.py", line 196, in compile_nodelist
    nodelist = parser.parse()
               ^^^^^^^^^^^^^^
  File "/data/data/com.termux/files/usr/lib/python3.12/site-packages/django/template/base.py", line 512, in parse
    self.invalid_block_tag(token, command, parse_until)
  File "/data/data/com.termux/files/usr/lib/python3.12/site-packages/django/template/base.py", line 573, in invalid_block_tag
    raise self.error(
django.template.exceptions.TemplateSyntaxError: Invalid block tag on line 396: 'crsf_token'. Did you forget to register or load this tag?
ERROR 2025-07-15 03:50:03,427 log 28020 528007281776 Internal Server Error: /
Traceback (most recent call last):
  File "/data/data/com.termux/files/usr/lib/python3.12/site-packages/django/template/base.py", line 510, in parse
    compile_func = self.tags[command]
                   ~~~~~~~~~^^^^^^^^^
KeyError: 'crsf_token'

During handling of the above exception, another exception occurred:

Traceback (most recent call last):
  File "/data/data/com.termux/files/usr/lib/python3.12/site-packages/django/core/handlers/exception.py", line 55, in inner
    response = get_response(request)
               ^^^^^^^^^^^^^^^^^^^^^
  File "/data/data/com.termux/files/usr/lib/python3.12/site-packages/django/core/handlers/base.py", line 197, in _get_response
    response = wrapped_callback(request, *callback_args, **callback_kwargs)
               ^^^^^^^^^^^^^^^^^^^^^^^^^^^^^^^^^^^^^^^^^^^^^^^^^^^^^^^^^^^^
  File "/storage/emulated/0/21k.dir/tesla/tesla/views.py", line 339, in home
    return render(request, 'home.html')
           ^^^^^^^^^^^^^^^^^^^^^^^^^^^^
  File "/data/data/com.termux/files/usr/lib/python3.12/site-packages/django/shortcuts.py", line 25, in render
    content = loader.render_to_string(template_name, context, request, using=using)
              ^^^^^^^^^^^^^^^^^^^^^^^^^^^^^^^^^^^^^^^^^^^^^^^^^^^^^^^^^^^^^^^^^^^^^
  File "/data/data/com.termux/files/usr/lib/python3.12/site-packages/django/template/loader.py", line 61, in render_to_string
    template = get_template(template_name, using=using)
               ^^^^^^^^^^^^^^^^^^^^^^^^^^^^^^^^^^^^^^^^
  File "/data/data/com.termux/files/usr/lib/python3.12/site-packages/django/template/loader.py", line 15, in get_template
    return engine.get_template(template_name)
           ^^^^^^^^^^^^^^^^^^^^^^^^^^^^^^^^^^
  File "/data/data/com.termux/files/usr/lib/python3.12/site-packages/django/template/backends/django.py", line 79, in get_template
    return Template(self.engine.get_template(template_name), self)
                    ^^^^^^^^^^^^^^^^^^^^^^^^^^^^^^^^^^^^^^^
  File "/data/data/com.termux/files/usr/lib/python3.12/site-packages/django/template/engine.py", line 177, in get_template
    template, origin = self.find_template(template_name)
                       ^^^^^^^^^^^^^^^^^^^^^^^^^^^^^^^^^
  File "/data/data/com.termux/files/usr/lib/python3.12/site-packages/django/template/engine.py", line 159, in find_template
    template = loader.get_template(name, skip=skip)
               ^^^^^^^^^^^^^^^^^^^^^^^^^^^^^^^^^^^^
  File "/data/data/com.termux/files/usr/lib/python3.12/site-packages/django/template/loaders/cached.py", line 57, in get_template
    template = super().get_template(template_name, skip)
               ^^^^^^^^^^^^^^^^^^^^^^^^^^^^^^^^^^^^^^^^^
  File "/data/data/com.termux/files/usr/lib/python3.12/site-packages/django/template/loaders/base.py", line 28, in get_template
    return Template(
           ^^^^^^^^^
  File "/data/data/com.termux/files/usr/lib/python3.12/site-packages/django/template/base.py", line 154, in __init__
    self.nodelist = self.compile_nodelist()
                    ^^^^^^^^^^^^^^^^^^^^^^^
  File "/data/data/com.termux/files/usr/lib/python3.12/site-packages/django/template/base.py", line 196, in compile_nodelist
    nodelist = parser.parse()
               ^^^^^^^^^^^^^^
  File "/data/data/com.termux/files/usr/lib/python3.12/site-packages/django/template/base.py", line 512, in parse
    self.invalid_block_tag(token, command, parse_until)
  File "/data/data/com.termux/files/usr/lib/python3.12/site-packages/django/template/base.py", line 573, in invalid_block_tag
    raise self.error(
django.template.exceptions.TemplateSyntaxError: Invalid block tag on line 396: 'crsf_token'. Did you forget to register or load this tag?
ERROR 2025-07-15 03:50:03,447 basehttp 28020 528007281776 "GET / HTTP/1.1" 500 143750
ERROR 2025-07-15 03:50:03,447 basehttp 28020 528007281776 "GET / HTTP/1.1" 500 143750
WARNING 2025-07-15 03:50:04,517 log 28020 528007281776 Not Found: /favicon.ico
WARNING 2025-07-15 03:50:04,517 log 28020 528007281776 Not Found: /favicon.ico
WARNING 2025-07-15 03:50:04,519 basehttp 28020 528007281776 "GET /favicon.ico HTTP/1.1" 404 4248
WARNING 2025-07-15 03:50:04,519 basehttp 28020 528007281776 "GET /favicon.ico HTTP/1.1" 404 4248
INFO 2025-07-15 03:51:53,744 basehttp 28020 528007281776 "GET / HTTP/1.1" 200 22432
INFO 2025-07-15 03:51:53,744 basehttp 28020 528007281776 "GET / HTTP/1.1" 200 22432
ERROR 2025-07-15 03:51:54,451 views 28020 528007281776 Error getting supported sites: 'YoutubeDL' object has no attribute 'list_extractors'
ERROR 2025-07-15 03:51:54,453 log 28020 528007281776 Internal Server Error: /get_supported_sites/
ERROR 2025-07-15 03:51:54,453 log 28020 528007281776 Internal Server Error: /get_supported_sites/
ERROR 2025-07-15 03:51:54,456 basehttp 28020 528007281776 "GET /get_supported_sites/ HTTP/1.1" 500 66
ERROR 2025-07-15 03:51:54,456 basehttp 28020 528007281776 "GET /get_supported_sites/ HTTP/1.1" 500 66
INFO 2025-07-15 03:52:02,863 basehttp 28020 528007281776 "POST /extract_info/ HTTP/1.1" 200 7429
INFO 2025-07-15 03:52:02,863 basehttp 28020 528007281776 "POST /extract_info/ HTTP/1.1" 200 7429
WARNING 2025-07-15 04:03:34,843 log 28020 528007281776 Not Found: /favicon.ico
WARNING 2025-07-15 04:03:34,843 log 28020 528007281776 Not Found: /favicon.ico
WARNING 2025-07-15 04:03:34,909 basehttp 28020 528007281776 "GET /favicon.ico HTTP/1.1" 404 4248
WARNING 2025-07-15 04:03:34,909 basehttp 28020 528007281776 "GET /favicon.ico HTTP/1.1" 404 4248
INFO 2025-07-15 04:03:59,574 basehttp 28020 528007281776 "POST /extract_info/ HTTP/1.1" 200 7429
INFO 2025-07-15 04:03:59,574 basehttp 28020 528007281776 "POST /extract_info/ HTTP/1.1" 200 7429
INFO 2025-07-15 04:04:46,117 basehttp 28020 528007281776 "POST /download_video/ HTTP/1.1" 200 598
INFO 2025-07-15 04:04:46,117 basehttp 28020 528007281776 "POST /download_video/ HTTP/1.1" 200 598
INFO 2025-07-15 04:04:46,571 basehttp 28020 528007281776 "GET /download/5251d097-f092-4fe3-9387-53e69f7aa3bc/Video%20by%20virat.kohli%20-%2021k.tools.mp4 HTTP/1.1" 301 0
INFO 2025-07-15 04:04:46,571 basehttp 28020 528007281776 "GET /download/5251d097-f092-4fe3-9387-53e69f7aa3bc/Video%20by%20virat.kohli%20-%2021k.tools.mp4 HTTP/1.1" 301 0
INFO 2025-07-15 04:04:46,669 basehttp 28020 528007281776 "GET /download/5251d097-f092-4fe3-9387-53e69f7aa3bc/Video%20by%20virat.kohli%20-%2021k.tools.mp4/ HTTP/1.1" 200 8612788
INFO 2025-07-15 04:04:46,669 basehttp 28020 528007281776 "GET /download/5251d097-f092-4fe3-9387-53e69f7aa3bc/Video%20by%20virat.kohli%20-%2021k.tools.mp4/ HTTP/1.1" 200 8612788
WARNING 2025-07-15 04:08:37,063 log 28020 528007281776 Not Found: /favicon.ico
WARNING 2025-07-15 04:08:37,063 log 28020 528007281776 Not Found: /favicon.ico
WARNING 2025-07-15 04:08:37,091 basehttp 28020 528007281776 "GET /favicon.ico HTTP/1.1" 404 4248
WARNING 2025-07-15 04:08:37,091 basehttp 28020 528007281776 "GET /favicon.ico HTTP/1.1" 404 4248
INFO 2025-07-16 06:05:42,435 autoreload 23998 511431210240 Watching for file changes with StatReloader
INFO 2025-07-16 06:05:42,435 autoreload 23998 511431210240 Watching for file changes with StatReloader
INFO 2025-07-16 18:15:40,736 autoreload 32250 492394038528 Watching for file changes with StatReloader
INFO 2025-07-16 18:15:40,736 autoreload 32250 492394038528 Watching for file changes with StatReloader
INFO 2025-07-16 18:16:05,131 basehttp 32250 489954458736 "GET / HTTP/1.1" 200 24946
INFO 2025-07-16 18:16:05,131 basehttp 32250 489954458736 "GET / HTTP/1.1" 200 24946
INFO 2025-07-16 18:16:05,551 basehttp 32250 489954458736 "GET /cookies-status/ HTTP/1.1" 200 44
INFO 2025-07-16 18:16:05,551 basehttp 32250 489954458736 "GET /cookies-status/ HTTP/1.1" 200 44
WARNING 2025-07-16 18:16:05,668 log 32250 489954458736 Not Found: /favicon.ico
WARNING 2025-07-16 18:16:05,668 log 32250 489954458736 Not Found: /favicon.ico
WARNING 2025-07-16 18:16:05,669 basehttp 32250 489954458736 "GET /favicon.ico HTTP/1.1" 404 3077
WARNING 2025-07-16 18:16:05,669 basehttp 32250 489954458736 "GET /favicon.ico HTTP/1.1" 404 3077
WARNING 2025-07-16 18:16:48,796 log 32250 489954458736 Forbidden (CSRF token missing.): /
WARNING 2025-07-16 18:16:48,796 log 32250 489954458736 Forbidden (CSRF token missing.): /
WARNING 2025-07-16 18:16:48,804 basehttp 32250 489954458736 "POST / HTTP/1.1" 403 2491
WARNING 2025-07-16 18:16:48,804 basehttp 32250 489954458736 "POST / HTTP/1.1" 403 2491
WARNING 2025-07-16 18:16:53,252 log 32250 489954458736 Forbidden (CSRF token missing.): /
WARNING 2025-07-16 18:16:53,252 log 32250 489954458736 Forbidden (CSRF token missing.): /
WARNING 2025-07-16 18:16:53,255 basehttp 32250 489954458736 "POST / HTTP/1.1" 403 2491
WARNING 2025-07-16 18:16:53,255 basehttp 32250 489954458736 "POST / HTTP/1.1" 403 2491
WARNING 2025-07-16 18:16:54,049 log 32250 489954458736 Forbidden (CSRF token missing.): /
WARNING 2025-07-16 18:16:54,049 log 32250 489954458736 Forbidden (CSRF token missing.): /
WARNING 2025-07-16 18:16:54,056 basehttp 32250 489954458736 "POST / HTTP/1.1" 403 2491
WARNING 2025-07-16 18:16:54,056 basehttp 32250 489954458736 "POST / HTTP/1.1" 403 2491
WARNING 2025-07-16 18:16:54,706 log 32250 489954458736 Forbidden (CSRF token missing.): /
WARNING 2025-07-16 18:16:54,706 log 32250 489954458736 Forbidden (CSRF token missing.): /
WARNING 2025-07-16 18:16:54,720 basehttp 32250 489954458736 "POST / HTTP/1.1" 403 2491
WARNING 2025-07-16 18:16:54,720 basehttp 32250 489954458736 "POST / HTTP/1.1" 403 2491
WARNING 2025-07-16 18:16:55,158 log 32250 489954458736 Forbidden (CSRF token missing.): /
WARNING 2025-07-16 18:16:55,158 log 32250 489954458736 Forbidden (CSRF token missing.): /
WARNING 2025-07-16 18:16:55,163 basehttp 32250 489954458736 "POST / HTTP/1.1" 403 2491
WARNING 2025-07-16 18:16:55,163 basehttp 32250 489954458736 "POST / HTTP/1.1" 403 2491
WARNING 2025-07-16 18:16:55,660 log 32250 489954458736 Forbidden (CSRF token missing.): /
WARNING 2025-07-16 18:16:55,660 log 32250 489954458736 Forbidden (CSRF token missing.): /
WARNING 2025-07-16 18:16:55,661 basehttp 32250 489954458736 "POST / HTTP/1.1" 403 2491
WARNING 2025-07-16 18:16:55,661 basehttp 32250 489954458736 "POST / HTTP/1.1" 403 2491
WARNING 2025-07-16 18:16:56,100 log 32250 489954458736 Forbidden (CSRF token missing.): /
WARNING 2025-07-16 18:16:56,100 log 32250 489954458736 Forbidden (CSRF token missing.): /
WARNING 2025-07-16 18:16:56,105 basehttp 32250 489954458736 "POST / HTTP/1.1" 403 2491
WARNING 2025-07-16 18:16:56,105 basehttp 32250 489954458736 "POST / HTTP/1.1" 403 2491
WARNING 2025-07-16 18:16:56,335 log 32250 489954458736 Forbidden (CSRF token missing.): /
WARNING 2025-07-16 18:16:56,335 log 32250 489954458736 Forbidden (CSRF token missing.): /
WARNING 2025-07-16 18:16:56,341 basehttp 32250 489954458736 "POST / HTTP/1.1" 403 2491
WARNING 2025-07-16 18:16:56,341 basehttp 32250 489954458736 "POST / HTTP/1.1" 403 2491
WARNING 2025-07-16 18:16:56,556 log 32250 489954458736 Forbidden (CSRF token missing.): /
WARNING 2025-07-16 18:16:56,556 log 32250 489954458736 Forbidden (CSRF token missing.): /
WARNING 2025-07-16 18:16:56,558 basehttp 32250 489954458736 "POST / HTTP/1.1" 403 2491
WARNING 2025-07-16 18:16:56,558 basehttp 32250 489954458736 "POST / HTTP/1.1" 403 2491
WARNING 2025-07-16 18:16:56,692 log 32250 489954458736 Forbidden (CSRF token missing.): /
WARNING 2025-07-16 18:16:56,692 log 32250 489954458736 Forbidden (CSRF token missing.): /
WARNING 2025-07-16 18:16:56,701 basehttp 32250 489954458736 "POST / HTTP/1.1" 403 2491
WARNING 2025-07-16 18:16:56,701 basehttp 32250 489954458736 "POST / HTTP/1.1" 403 2491
WARNING 2025-07-16 18:16:56,901 log 32250 489954458736 Forbidden (CSRF token missing.): /
WARNING 2025-07-16 18:16:56,901 log 32250 489954458736 Forbidden (CSRF token missing.): /
WARNING 2025-07-16 18:16:56,904 basehttp 32250 489954458736 "POST / HTTP/1.1" 403 2491
WARNING 2025-07-16 18:16:56,904 basehttp 32250 489954458736 "POST / HTTP/1.1" 403 2491
WARNING 2025-07-16 18:16:57,150 log 32250 489954458736 Forbidden (CSRF token missing.): /
WARNING 2025-07-16 18:16:57,150 log 32250 489954458736 Forbidden (CSRF token missing.): /
WARNING 2025-07-16 18:16:57,157 basehttp 32250 489954458736 "POST / HTTP/1.1" 403 2491
WARNING 2025-07-16 18:16:57,157 basehttp 32250 489954458736 "POST / HTTP/1.1" 403 2491
WARNING 2025-07-16 18:16:57,391 log 32250 489954458736 Forbidden (CSRF token missing.): /
WARNING 2025-07-16 18:16:57,391 log 32250 489954458736 Forbidden (CSRF token missing.): /
WARNING 2025-07-16 18:16:57,400 basehttp 32250 489954458736 "POST / HTTP/1.1" 403 2491
WARNING 2025-07-16 18:16:57,400 basehttp 32250 489954458736 "POST / HTTP/1.1" 403 2491
WARNING 2025-07-16 18:16:57,674 log 32250 489954458736 Forbidden (CSRF token missing.): /
WARNING 2025-07-16 18:16:57,674 log 32250 489954458736 Forbidden (CSRF token missing.): /
WARNING 2025-07-16 18:16:57,678 basehttp 32250 489954458736 "POST / HTTP/1.1" 403 2491
WARNING 2025-07-16 18:16:57,678 basehttp 32250 489954458736 "POST / HTTP/1.1" 403 2491
INFO 2025-07-16 18:21:01,913 autoreload 9812 493935351040 Watching for file changes with StatReloader
INFO 2025-07-16 18:21:01,913 autoreload 9812 493935351040 Watching for file changes with StatReloader
WARNING 2025-07-16 18:21:11,005 log 9812 491507399792 Not Found: /favicon.ico
WARNING 2025-07-16 18:21:11,005 log 9812 491507399792 Not Found: /favicon.ico
WARNING 2025-07-16 18:21:11,008 basehttp 9812 491507399792 "GET /favicon.ico HTTP/1.1" 404 3077
WARNING 2025-07-16 18:21:11,008 basehttp 9812 491507399792 "GET /favicon.ico HTTP/1.1" 404 3077
WARNING 2025-07-16 18:21:28,101 log 9812 491507399792 Forbidden (CSRF token missing.): /
WARNING 2025-07-16 18:21:28,101 log 9812 491507399792 Forbidden (CSRF token missing.): /
WARNING 2025-07-16 18:21:28,114 basehttp 9812 491507399792 "POST / HTTP/1.1" 403 2491
WARNING 2025-07-16 18:21:28,114 basehttp 9812 491507399792 "POST / HTTP/1.1" 403 2491
WARNING 2025-07-16 18:21:30,170 log 9812 491507399792 Forbidden (CSRF token missing.): /
WARNING 2025-07-16 18:21:30,170 log 9812 491507399792 Forbidden (CSRF token missing.): /
WARNING 2025-07-16 18:21:30,173 basehttp 9812 491507399792 "POST / HTTP/1.1" 403 2491
WARNING 2025-07-16 18:21:30,173 basehttp 9812 491507399792 "POST / HTTP/1.1" 403 2491
WARNING 2025-07-16 18:21:30,909 log 9812 491507399792 Forbidden (CSRF token missing.): /
WARNING 2025-07-16 18:21:30,909 log 9812 491507399792 Forbidden (CSRF token missing.): /
WARNING 2025-07-16 18:21:30,911 basehttp 9812 491507399792 "POST / HTTP/1.1" 403 2491
WARNING 2025-07-16 18:21:30,911 basehttp 9812 491507399792 "POST / HTTP/1.1" 403 2491
WARNING 2025-07-16 18:21:31,513 log 9812 491507399792 Forbidden (CSRF token missing.): /
WARNING 2025-07-16 18:21:31,513 log 9812 491507399792 Forbidden (CSRF token missing.): /
WARNING 2025-07-16 18:21:31,516 basehttp 9812 491507399792 "POST / HTTP/1.1" 403 2491
WARNING 2025-07-16 18:21:31,516 basehttp 9812 491507399792 "POST / HTTP/1.1" 403 2491
INFO 2025-07-16 18:24:24,481 autoreload 9812 493935351040 /storage/emulated/0/21k.dir/tesla/tesla/views.py changed, reloading.
INFO 2025-07-16 18:24:24,481 autoreload 9812 493935351040 /storage/emulated/0/21k.dir/tesla/tesla/views.py changed, reloading.
INFO 2025-07-16 18:24:27,727 autoreload 12629 527389349120 Watching for file changes with StatReloader
INFO 2025-07-16 18:24:27,727 autoreload 12629 527389349120 Watching for file changes with StatReloader
WARNING 2025-07-16 18:24:41,175 log 12629 524981091440 Not Found: /favicon.ico
WARNING 2025-07-16 18:24:41,175 log 12629 524981091440 Not Found: /favicon.ico
WARNING 2025-07-16 18:24:41,181 basehttp 12629 524981091440 "GET /favicon.ico HTTP/1.1" 404 3077
WARNING 2025-07-16 18:24:41,181 basehttp 12629 524981091440 "GET /favicon.ico HTTP/1.1" 404 3077
INFO 2025-07-16 18:24:42,175 basehttp 12629 524981091440 "GET / HTTP/1.1" 200 26831
INFO 2025-07-16 18:24:42,175 basehttp 12629 524981091440 "GET / HTTP/1.1" 200 26831
WARNING 2025-07-16 18:24:42,393 log 12629 524981091440 Not Found: /get-csrf-token/
WARNING 2025-07-16 18:24:42,393 log 12629 524981091440 Not Found: /get-csrf-token/
WARNING 2025-07-16 18:24:42,401 basehttp 12629 524981091440 "GET /get-csrf-token/ HTTP/1.1" 404 3089
WARNING 2025-07-16 18:24:42,401 basehttp 12629 524981091440 "GET /get-csrf-token/ HTTP/1.1" 404 3089
INFO 2025-07-16 18:24:42,409 basehttp 12629 524963273840 "GET /cookies-status/ HTTP/1.1" 200 44
INFO 2025-07-16 18:24:42,409 basehttp 12629 524963273840 "GET /cookies-status/ HTTP/1.1" 200 44
INFO 2025-07-16 18:25:01,694 basehttp 12629 524963273840 "POST / HTTP/1.1" 200 682
INFO 2025-07-16 18:25:01,694 basehttp 12629 524963273840 "POST / HTTP/1.1" 200 682
WARNING 2025-07-16 18:25:01,802 log 12629 524963273840 Not Found: /video-info/
WARNING 2025-07-16 18:25:01,802 log 12629 524963273840 Not Found: /video-info/
WARNING 2025-07-16 18:25:01,805 basehttp 12629 524963273840 "GET /video-info/?url=https%3A%2F%2Fx.com%2FAKTMovie%2Fstatus%2F1945489617702261196%3Ft%3DeaSnliVtypYvhXBC6AdHNg%26s%3D19 HTTP/1.1" 404 3181
WARNING 2025-07-16 18:25:01,805 basehttp 12629 524963273840 "GET /video-info/?url=https%3A%2F%2Fx.com%2FAKTMovie%2Fstatus%2F1945489617702261196%3Ft%3DeaSnliVtypYvhXBC6AdHNg%26s%3D19 HTTP/1.1" 404 3181
WARNING 2025-07-16 18:25:21,783 log 12629 524963273840 Not Found: /download-video-stream/
WARNING 2025-07-16 18:25:21,783 log 12629 524963273840 Not Found: /download-video-stream/
WARNING 2025-07-16 18:25:21,793 basehttp 12629 524963273840 "POST /download-video-stream/ HTTP/1.1" 404 3111
WARNING 2025-07-16 18:25:21,793 basehttp 12629 524963273840 "POST /download-video-stream/ HTTP/1.1" 404 3111
WARNING 2025-07-16 18:25:25,132 log 12629 524963273840 Not Found: /download-video-stream/
WARNING 2025-07-16 18:25:25,132 log 12629 524963273840 Not Found: /download-video-stream/
WARNING 2025-07-16 18:25:25,136 basehttp 12629 524963273840 "POST /download-video-stream/ HTTP/1.1" 404 3111
WARNING 2025-07-16 18:25:25,136 basehttp 12629 524963273840 "POST /download-video-stream/ HTTP/1.1" 404 3111
WARNING 2025-07-16 18:25:26,031 log 12629 524963273840 Not Found: /download-video-stream/
WARNING 2025-07-16 18:25:26,031 log 12629 524963273840 Not Found: /download-video-stream/
WARNING 2025-07-16 18:25:26,033 basehttp 12629 524963273840 "POST /download-video-stream/ HTTP/1.1" 404 3111
WARNING 2025-07-16 18:25:26,033 basehttp 12629 524963273840 "POST /download-video-stream/ HTTP/1.1" 404 3111
WARNING 2025-07-16 18:25:26,484 log 12629 524963273840 Not Found: /download-video-stream/
WARNING 2025-07-16 18:25:26,484 log 12629 524963273840 Not Found: /download-video-stream/
WARNING 2025-07-16 18:25:26,485 basehttp 12629 524963273840 "POST /download-video-stream/ HTTP/1.1" 404 3111
WARNING 2025-07-16 18:25:26,485 basehttp 12629 524963273840 "POST /download-video-stream/ HTTP/1.1" 404 3111
WARNING 2025-07-16 18:25:26,617 log 12629 524963273840 Not Found: /download-video-stream/
WARNING 2025-07-16 18:25:26,617 log 12629 524963273840 Not Found: /download-video-stream/
WARNING 2025-07-16 18:25:26,618 basehttp 12629 524963273840 "POST /download-video-stream/ HTTP/1.1" 404 3111
WARNING 2025-07-16 18:25:26,618 basehttp 12629 524963273840 "POST /download-video-stream/ HTTP/1.1" 404 3111
INFO 2025-07-16 18:25:59,341 autoreload 15234 503729050880 Watching for file changes with StatReloader
INFO 2025-07-16 18:25:59,341 autoreload 15234 503729050880 Watching for file changes with StatReloader
INFO 2025-07-16 18:26:11,216 basehttp 15234 501336751216 "GET / HTTP/1.1" 200 26831
INFO 2025-07-16 18:26:11,216 basehttp 15234 501336751216 "GET / HTTP/1.1" 200 26831
INFO 2025-07-16 18:26:11,482 basehttp 15234 501318933616 "GET /cookies-status/ HTTP/1.1" 200 44
INFO 2025-07-16 18:26:11,482 basehttp 15234 501318933616 "GET /cookies-status/ HTTP/1.1" 200 44
WARNING 2025-07-16 18:26:11,517 log 15234 501336751216 Not Found: /get-csrf-token/
WARNING 2025-07-16 18:26:11,517 log 15234 501336751216 Not Found: /get-csrf-token/
WARNING 2025-07-16 18:26:11,522 basehttp 15234 501336751216 "GET /get-csrf-token/ HTTP/1.1" 404 3089
WARNING 2025-07-16 18:26:11,522 basehttp 15234 501336751216 "GET /get-csrf-token/ HTTP/1.1" 404 3089
INFO 2025-07-16 18:26:20,091 basehttp 15234 501336751216 "POST / HTTP/1.1" 200 682
INFO 2025-07-16 18:26:20,091 basehttp 15234 501336751216 "POST / HTTP/1.1" 200 682
WARNING 2025-07-16 18:26:20,120 log 15234 501336751216 Not Found: /video-info/
WARNING 2025-07-16 18:26:20,120 log 15234 501336751216 Not Found: /video-info/
WARNING 2025-07-16 18:26:20,121 basehttp 15234 501336751216 "GET /video-info/?url=https%3A%2F%2Fx.com%2FAKTMovie%2Fstatus%2F1945489617702261196%3Ft%3DeaSnliVtypYvhXBC6AdHNg%26s%3D19 HTTP/1.1" 404 3181
WARNING 2025-07-16 18:26:20,121 basehttp 15234 501336751216 "GET /video-info/?url=https%3A%2F%2Fx.com%2FAKTMovie%2Fstatus%2F1945489617702261196%3Ft%3DeaSnliVtypYvhXBC6AdHNg%26s%3D19 HTTP/1.1" 404 3181
WARNING 2025-07-16 18:26:31,050 log 15234 501336751216 Not Found: /download-video-stream/
WARNING 2025-07-16 18:26:31,050 log 15234 501336751216 Not Found: /download-video-stream/
WARNING 2025-07-16 18:26:31,053 basehttp 15234 501336751216 "POST /download-video-stream/ HTTP/1.1" 404 3111
WARNING 2025-07-16 18:26:31,053 basehttp 15234 501336751216 "POST /download-video-stream/ HTTP/1.1" 404 3111
WARNING 2025-07-16 18:26:35,172 log 15234 501336751216 Not Found: /download-video-stream/
WARNING 2025-07-16 18:26:35,172 log 15234 501336751216 Not Found: /download-video-stream/
WARNING 2025-07-16 18:26:35,173 basehttp 15234 501336751216 "POST /download-video-stream/ HTTP/1.1" 404 3111
WARNING 2025-07-16 18:26:35,173 basehttp 15234 501336751216 "POST /download-video-stream/ HTTP/1.1" 404 3111
INFO 2025-07-16 18:29:46,453 autoreload 15234 503729050880 /storage/emulated/0/21k.dir/tesla/tesla/urls.py changed, reloading.
INFO 2025-07-16 18:29:46,453 autoreload 15234 503729050880 /storage/emulated/0/21k.dir/tesla/tesla/urls.py changed, reloading.
INFO 2025-07-16 18:29:50,730 autoreload 19184 506710885632 Watching for file changes with StatReloader
INFO 2025-07-16 18:29:50,730 autoreload 19184 506710885632 Watching for file changes with StatReloader
INFO 2025-07-16 18:36:11,930 autoreload 24104 480359945472 Watching for file changes with StatReloader
INFO 2025-07-16 18:36:11,930 autoreload 24104 480359945472 Watching for file changes with StatReloader
INFO 2025-07-16 18:36:22,076 basehttp 24104 477910514800 "GET / HTTP/1.1" 200 26831
INFO 2025-07-16 18:36:22,076 basehttp 24104 477910514800 "GET / HTTP/1.1" 200 26831
WARNING 2025-07-16 18:36:23,427 log 24104 477910514800 Not Found: /favicon.ico
WARNING 2025-07-16 18:36:23,427 log 24104 477910514800 Not Found: /favicon.ico
WARNING 2025-07-16 18:36:23,438 basehttp 24104 477910514800 "GET /favicon.ico HTTP/1.1" 404 3284
WARNING 2025-07-16 18:36:23,438 basehttp 24104 477910514800 "GET /favicon.ico HTTP/1.1" 404 3284
INFO 2025-07-16 18:36:27,990 basehttp 24104 477910514800 "GET / HTTP/1.1" 200 26831
INFO 2025-07-16 18:36:27,990 basehttp 24104 477910514800 "GET / HTTP/1.1" 200 26831
INFO 2025-07-16 18:36:28,060 basehttp 24104 477910514800 "GET /get-csrf-token/ HTTP/1.1" 200 82
INFO 2025-07-16 18:36:28,060 basehttp 24104 477910514800 "GET /get-csrf-token/ HTTP/1.1" 200 82
INFO 2025-07-16 18:36:28,065 basehttp 24104 477892697200 "GET /cookies-status/ HTTP/1.1" 200 44
INFO 2025-07-16 18:36:28,065 basehttp 24104 477892697200 "GET /cookies-status/ HTTP/1.1" 200 44
INFO 2025-07-16 18:37:16,993 basehttp 24104 477910514800 "POST / HTTP/1.1" 200 684
INFO 2025-07-16 18:37:16,993 basehttp 24104 477910514800 "POST / HTTP/1.1" 200 684
INFO 2025-07-16 18:37:18,844 basehttp 24104 477910514800 "GET /video-info/?url=https%3A%2F%2Fx.com%2FAKTMovie%2Fstatus%2F1945535057814573172%3Ft%3DuCqJEJq5ei0HiBMgncx1Lg%26s%3D19 HTTP/1.1" 200 713
INFO 2025-07-16 18:37:18,844 basehttp 24104 477910514800 "GET /video-info/?url=https%3A%2F%2Fx.com%2FAKTMovie%2Fstatus%2F1945535057814573172%3Ft%3DuCqJEJq5ei0HiBMgncx1Lg%26s%3D19 HTTP/1.1" 200 713
INFO 2025-07-16 18:37:30,261 basehttp 24104 477910514800 "POST /download-video-stream/ HTTP/1.1" 200 376328
INFO 2025-07-16 18:37:30,261 basehttp 24104 477910514800 "POST /download-video-stream/ HTTP/1.1" 200 376328
INFO 2025-07-16 18:38:03,791 basehttp 24104 477910514800 "POST /download-video-stream/ HTTP/1.1" 200 1091476
INFO 2025-07-16 18:38:03,791 basehttp 24104 477910514800 "POST /download-video-stream/ HTTP/1.1" 200 1091476
INFO 2025-07-16 18:57:28,060 basehttp 24104 477910514800 "GET / HTTP/1.1" 200 26831
INFO 2025-07-16 18:57:28,060 basehttp 24104 477910514800 "GET / HTTP/1.1" 200 26831
WARNING 2025-07-16 18:57:29,375 log 24104 477910514800 Not Found: /favicon.ico
WARNING 2025-07-16 18:57:29,375 log 24104 477910514800 Not Found: /favicon.ico
WARNING 2025-07-16 18:57:29,379 basehttp 24104 477910514800 "GET /favicon.ico HTTP/1.1" 404 3284
WARNING 2025-07-16 18:57:29,379 basehttp 24104 477910514800 "GET /favicon.ico HTTP/1.1" 404 3284
INFO 2025-07-16 19:07:35,644 autoreload 28107 500614685952 Watching for file changes with StatReloader
INFO 2025-07-16 19:07:35,644 autoreload 28107 500614685952 Watching for file changes with StatReloader
INFO 2025-07-16 19:10:51,604 basehttp 28107 498201508976 "POST / HTTP/1.1" 200 669
INFO 2025-07-16 19:10:51,604 basehttp 28107 498201508976 "POST / HTTP/1.1" 200 669
INFO 2025-07-16 19:10:53,765 basehttp 28107 498201508976 "GET /video-info/?url=https%3A%2F%2Fx.com%2Felagelaga%2Fstatus%2F1945422504195170355%3Ft%3DkE7bW1haIPWW22SvoEuRhg%26s%3D19 HTTP/1.1" 200 317
INFO 2025-07-16 19:10:53,765 basehttp 28107 498201508976 "GET /video-info/?url=https%3A%2F%2Fx.com%2Felagelaga%2Fstatus%2F1945422504195170355%3Ft%3DkE7bW1haIPWW22SvoEuRhg%26s%3D19 HTTP/1.1" 200 317
INFO 2025-07-16 19:12:03,791 basehttp 28107 498201508976 "POST / HTTP/1.1" 200 669
INFO 2025-07-16 19:12:03,791 basehttp 28107 498201508976 "POST / HTTP/1.1" 200 669
INFO 2025-07-16 19:12:05,573 basehttp 28107 498201508976 "GET /video-info/?url=https%3A%2F%2Fx.com%2Felagelaga%2Fstatus%2F1945422504195170355%3Ft%3DkE7bW1haIPWW22SvoEuRhg%26s%3D19 HTTP/1.1" 200 317
INFO 2025-07-16 19:12:05,573 basehttp 28107 498201508976 "GET /video-info/?url=https%3A%2F%2Fx.com%2Felagelaga%2Fstatus%2F1945422504195170355%3Ft%3DkE7bW1haIPWW22SvoEuRhg%26s%3D19 HTTP/1.1" 200 317
INFO 2025-07-16 19:12:09,139 basehttp 28107 498201508976 "GET / HTTP/1.1" 200 46181
INFO 2025-07-16 19:12:09,139 basehttp 28107 498201508976 "GET / HTTP/1.1" 200 46181
INFO 2025-07-16 19:12:09,342 basehttp 28107 498201508976 "GET /get-csrf-token/ HTTP/1.1" 200 82
INFO 2025-07-16 19:12:09,343 basehttp 28107 498170051696 "GET /cookies-status/ HTTP/1.1" 200 44
INFO 2025-07-16 19:12:09,342 basehttp 28107 498201508976 "GET /get-csrf-token/ HTTP/1.1" 200 82
INFO 2025-07-16 19:12:09,343 basehttp 28107 498170051696 "GET /cookies-status/ HTTP/1.1" 200 44
INFO 2025-07-16 19:12:21,411 basehttp 28107 498170051696 "POST / HTTP/1.1" 200 669
INFO 2025-07-16 19:12:21,411 basehttp 28107 498170051696 "POST / HTTP/1.1" 200 669
INFO 2025-07-16 19:12:23,104 basehttp 28107 498170051696 "GET /video-info/?url=https%3A%2F%2Fx.com%2Felagelaga%2Fstatus%2F1945422504195170355%3Ft%3DkE7bW1haIPWW22SvoEuRhg%26s%3D19 HTTP/1.1" 200 317
INFO 2025-07-16 19:12:23,104 basehttp 28107 498170051696 "GET /video-info/?url=https%3A%2F%2Fx.com%2Felagelaga%2Fstatus%2F1945422504195170355%3Ft%3DkE7bW1haIPWW22SvoEuRhg%26s%3D19 HTTP/1.1" 200 317
INFO 2025-07-17 04:36:17,530 autoreload 30844 521451808000 Watching for file changes with StatReloader
INFO 2025-07-17 04:36:17,530 autoreload 30844 521451808000 Watching for file changes with StatReloader
INFO 2025-07-17 04:36:42,210 basehttp 30844 519087045744 "GET / HTTP/1.1" 200 46181
INFO 2025-07-17 04:36:42,210 basehttp 30844 519087045744 "GET / HTTP/1.1" 200 46181
INFO 2025-07-17 04:36:42,590 basehttp 30844 519087045744 "GET /get-csrf-token/ HTTP/1.1" 200 82
INFO 2025-07-17 04:36:42,590 basehttp 30844 519087045744 "GET /get-csrf-token/ HTTP/1.1" 200 82
INFO 2025-07-17 04:36:42,598 basehttp 30844 519069228144 "GET /cookies-status/ HTTP/1.1" 200 44
INFO 2025-07-17 04:36:42,598 basehttp 30844 519069228144 "GET /cookies-status/ HTTP/1.1" 200 44
WARNING 2025-07-17 04:36:42,846 log 30844 519069228144 Not Found: /favicon.ico
WARNING 2025-07-17 04:36:42,846 log 30844 519069228144 Not Found: /favicon.ico
WARNING 2025-07-17 04:36:42,853 basehttp 30844 519069228144 "GET /favicon.ico HTTP/1.1" 404 3284
WARNING 2025-07-17 04:36:42,853 basehttp 30844 519069228144 "GET /favicon.ico HTTP/1.1" 404 3284
WARNING 2025-07-17 04:37:55,646 log 30844 519087045744 Not Found: /
WARNING 2025-07-17 04:37:55,646 log 30844 519087045744 Not Found: /
WARNING 2025-07-17 04:37:55,649 basehttp 30844 519087045744 "POST / HTTP/1.1" 404 61
WARNING 2025-07-17 04:37:55,649 basehttp 30844 519087045744 "POST / HTTP/1.1" 404 61
INFO 2025-07-17 04:38:38,379 basehttp 30844 519087045744 "POST / HTTP/1.1" 200 677
INFO 2025-07-17 04:38:38,379 basehttp 30844 519087045744 "POST / HTTP/1.1" 200 677
INFO 2025-07-17 04:38:40,143 basehttp 30844 519087045744 "GET /video-info/?url=https%3A%2F%2Fx.com%2Fdeva_cutzz%2Fstatus%2F1945485829532692629%3Ft%3Ds6aucDPRpKPUI9OMXgCWhA%26s%3D19 HTTP/1.1" 200 551
INFO 2025-07-17 04:38:40,143 basehttp 30844 519087045744 "GET /video-info/?url=https%3A%2F%2Fx.com%2Fdeva_cutzz%2Fstatus%2F1945485829532692629%3Ft%3Ds6aucDPRpKPUI9OMXgCWhA%26s%3D19 HTTP/1.1" 200 551
